<?xml version="1.0" encoding="UTF-8"?>
<testsuite xmlns:xsi="http://www.w3.org/2001/XMLSchema-instance" xsi:noNamespaceSchemaLocation="https://maven.apache.org/surefire/maven-surefire-plugin/xsd/surefire-test-report.xsd" name="com.leadsponge.leadsponge.IO.ApplicationTests" time="13.836" tests="1" errors="1" skipped="0" failures="0">
  <properties>
    <property name="sun.desktop" value="gnome"/>
    <property name="awt.toolkit" value="sun.awt.X11.XToolkit"/>
    <property name="java.specification.version" value="11"/>
    <property name="sun.cpu.isalist" value=""/>
    <property name="sun.jnu.encoding" value="UTF-8"/>
    <property name="java.class.path" value="/home/danton/workspace/Lead_Sponge.IO/BackEnd/LeadSponge.IO/target/test-classes:/home/danton/workspace/Lead_Sponge.IO/BackEnd/LeadSponge.IO/target/classes:/home/danton/.m2/repository/org/springframework/boot/spring-boot-starter-web/2.2.6.RELEASE/spring-boot-starter-web-2.2.6.RELEASE.jar:/home/danton/.m2/repository/org/springframework/boot/spring-boot-starter/2.2.6.RELEASE/spring-boot-starter-2.2.6.RELEASE.jar:/home/danton/.m2/repository/org/springframework/boot/spring-boot-starter-logging/2.2.6.RELEASE/spring-boot-starter-logging-2.2.6.RELEASE.jar:/home/danton/.m2/repository/ch/qos/logback/logback-classic/1.2.3/logback-classic-1.2.3.jar:/home/danton/.m2/repository/ch/qos/logback/logback-core/1.2.3/logback-core-1.2.3.jar:/home/danton/.m2/repository/org/apache/logging/log4j/log4j-to-slf4j/2.12.1/log4j-to-slf4j-2.12.1.jar:/home/danton/.m2/repository/org/apache/logging/log4j/log4j-api/2.12.1/log4j-api-2.12.1.jar:/home/danton/.m2/repository/org/slf4j/jul-to-slf4j/1.7.30/jul-to-slf4j-1.7.30.jar:/home/danton/.m2/repository/jakarta/annotation/jakarta.annotation-api/1.3.5/jakarta.annotation-api-1.3.5.jar:/home/danton/.m2/repository/org/yaml/snakeyaml/1.25/snakeyaml-1.25.jar:/home/danton/.m2/repository/org/springframework/boot/spring-boot-starter-json/2.2.6.RELEASE/spring-boot-starter-json-2.2.6.RELEASE.jar:/home/danton/.m2/repository/com/fasterxml/jackson/datatype/jackson-datatype-jdk8/2.10.3/jackson-datatype-jdk8-2.10.3.jar:/home/danton/.m2/repository/com/fasterxml/jackson/datatype/jackson-datatype-jsr310/2.10.3/jackson-datatype-jsr310-2.10.3.jar:/home/danton/.m2/repository/com/fasterxml/jackson/module/jackson-module-parameter-names/2.10.3/jackson-module-parameter-names-2.10.3.jar:/home/danton/.m2/repository/org/springframework/boot/spring-boot-starter-tomcat/2.2.6.RELEASE/spring-boot-starter-tomcat-2.2.6.RELEASE.jar:/home/danton/.m2/repository/org/apache/tomcat/embed/tomcat-embed-core/9.0.33/tomcat-embed-core-9.0.33.jar:/home/danton/.m2/repository/org/apache/tomcat/embed/tomcat-embed-el/9.0.33/tomcat-embed-el-9.0.33.jar:/home/danton/.m2/repository/org/apache/tomcat/embed/tomcat-embed-websocket/9.0.33/tomcat-embed-websocket-9.0.33.jar:/home/danton/.m2/repository/org/springframework/boot/spring-boot-starter-validation/2.2.6.RELEASE/spring-boot-starter-validation-2.2.6.RELEASE.jar:/home/danton/.m2/repository/jakarta/validation/jakarta.validation-api/2.0.2/jakarta.validation-api-2.0.2.jar:/home/danton/.m2/repository/org/hibernate/validator/hibernate-validator/6.0.18.Final/hibernate-validator-6.0.18.Final.jar:/home/danton/.m2/repository/org/springframework/spring-web/5.2.5.RELEASE/spring-web-5.2.5.RELEASE.jar:/home/danton/.m2/repository/org/springframework/spring-beans/5.2.5.RELEASE/spring-beans-5.2.5.RELEASE.jar:/home/danton/.m2/repository/org/springframework/spring-webmvc/5.2.5.RELEASE/spring-webmvc-5.2.5.RELEASE.jar:/home/danton/.m2/repository/org/springframework/spring-context/5.2.5.RELEASE/spring-context-5.2.5.RELEASE.jar:/home/danton/.m2/repository/org/springframework/spring-expression/5.2.5.RELEASE/spring-expression-5.2.5.RELEASE.jar:/home/danton/.m2/repository/org/springframework/boot/spring-boot-devtools/2.2.6.RELEASE/spring-boot-devtools-2.2.6.RELEASE.jar:/home/danton/.m2/repository/org/springframework/boot/spring-boot/2.2.6.RELEASE/spring-boot-2.2.6.RELEASE.jar:/home/danton/.m2/repository/org/springframework/boot/spring-boot-autoconfigure/2.2.6.RELEASE/spring-boot-autoconfigure-2.2.6.RELEASE.jar:/home/danton/.m2/repository/org/springframework/boot/spring-boot-starter-test/2.2.6.RELEASE/spring-boot-starter-test-2.2.6.RELEASE.jar:/home/danton/.m2/repository/org/springframework/boot/spring-boot-test/2.2.6.RELEASE/spring-boot-test-2.2.6.RELEASE.jar:/home/danton/.m2/repository/org/springframework/boot/spring-boot-test-autoconfigure/2.2.6.RELEASE/spring-boot-test-autoconfigure-2.2.6.RELEASE.jar:/home/danton/.m2/repository/com/jayway/jsonpath/json-path/2.4.0/json-path-2.4.0.jar:/home/danton/.m2/repository/net/minidev/json-smart/2.3/json-smart-2.3.jar:/home/danton/.m2/repository/net/minidev/accessors-smart/1.2/accessors-smart-1.2.jar:/home/danton/.m2/repository/org/ow2/asm/asm/5.0.4/asm-5.0.4.jar:/home/danton/.m2/repository/org/slf4j/slf4j-api/1.7.30/slf4j-api-1.7.30.jar:/home/danton/.m2/repository/jakarta/xml/bind/jakarta.xml.bind-api/2.3.3/jakarta.xml.bind-api-2.3.3.jar:/home/danton/.m2/repository/org/junit/jupiter/junit-jupiter/5.5.2/junit-jupiter-5.5.2.jar:/home/danton/.m2/repository/org/junit/jupiter/junit-jupiter-api/5.5.2/junit-jupiter-api-5.5.2.jar:/home/danton/.m2/repository/org/opentest4j/opentest4j/1.2.0/opentest4j-1.2.0.jar:/home/danton/.m2/repository/org/junit/platform/junit-platform-commons/1.5.2/junit-platform-commons-1.5.2.jar:/home/danton/.m2/repository/org/junit/jupiter/junit-jupiter-params/5.5.2/junit-jupiter-params-5.5.2.jar:/home/danton/.m2/repository/org/junit/jupiter/junit-jupiter-engine/5.5.2/junit-jupiter-engine-5.5.2.jar:/home/danton/.m2/repository/org/junit/vintage/junit-vintage-engine/5.5.2/junit-vintage-engine-5.5.2.jar:/home/danton/.m2/repository/org/apiguardian/apiguardian-api/1.1.0/apiguardian-api-1.1.0.jar:/home/danton/.m2/repository/org/junit/platform/junit-platform-engine/1.5.2/junit-platform-engine-1.5.2.jar:/home/danton/.m2/repository/junit/junit/4.12/junit-4.12.jar:/home/danton/.m2/repository/org/mockito/mockito-junit-jupiter/3.1.0/mockito-junit-jupiter-3.1.0.jar:/home/danton/.m2/repository/org/assertj/assertj-core/3.13.2/assertj-core-3.13.2.jar:/home/danton/.m2/repository/org/hamcrest/hamcrest/2.1/hamcrest-2.1.jar:/home/danton/.m2/repository/org/mockito/mockito-core/3.1.0/mockito-core-3.1.0.jar:/home/danton/.m2/repository/net/bytebuddy/byte-buddy/1.10.8/byte-buddy-1.10.8.jar:/home/danton/.m2/repository/net/bytebuddy/byte-buddy-agent/1.10.8/byte-buddy-agent-1.10.8.jar:/home/danton/.m2/repository/org/objenesis/objenesis/2.6/objenesis-2.6.jar:/home/danton/.m2/repository/org/skyscreamer/jsonassert/1.5.0/jsonassert-1.5.0.jar:/home/danton/.m2/repository/com/vaadin/external/google/android-json/0.0.20131108.vaadin1/android-json-0.0.20131108.vaadin1.jar:/home/danton/.m2/repository/org/springframework/spring-core/5.2.5.RELEASE/spring-core-5.2.5.RELEASE.jar:/home/danton/.m2/repository/org/springframework/spring-jcl/5.2.5.RELEASE/spring-jcl-5.2.5.RELEASE.jar:/home/danton/.m2/repository/org/springframework/spring-test/5.2.5.RELEASE/spring-test-5.2.5.RELEASE.jar:/home/danton/.m2/repository/org/xmlunit/xmlunit-core/2.6.4/xmlunit-core-2.6.4.jar:/home/danton/.m2/repository/org/springframework/boot/spring-boot-starter-data-jpa/2.2.6.RELEASE/spring-boot-starter-data-jpa-2.2.6.RELEASE.jar:/home/danton/.m2/repository/org/springframework/boot/spring-boot-starter-aop/2.2.6.RELEASE/spring-boot-starter-aop-2.2.6.RELEASE.jar:/home/danton/.m2/repository/org/aspectj/aspectjweaver/1.9.5/aspectjweaver-1.9.5.jar:/home/danton/.m2/repository/org/springframework/boot/spring-boot-starter-jdbc/2.2.6.RELEASE/spring-boot-starter-jdbc-2.2.6.RELEASE.jar:/home/danton/.m2/repository/com/zaxxer/HikariCP/3.4.2/HikariCP-3.4.2.jar:/home/danton/.m2/repository/org/springframework/spring-jdbc/5.2.5.RELEASE/spring-jdbc-5.2.5.RELEASE.jar:/home/danton/.m2/repository/jakarta/activation/jakarta.activation-api/1.2.2/jakarta.activation-api-1.2.2.jar:/home/danton/.m2/repository/jakarta/persistence/jakarta.persistence-api/2.2.3/jakarta.persistence-api-2.2.3.jar:/home/danton/.m2/repository/jakarta/transaction/jakarta.transaction-api/1.3.3/jakarta.transaction-api-1.3.3.jar:/home/danton/.m2/repository/org/hibernate/hibernate-core/5.4.12.Final/hibernate-core-5.4.12.Final.jar:/home/danton/.m2/repository/org/jboss/logging/jboss-logging/3.4.1.Final/jboss-logging-3.4.1.Final.jar:/home/danton/.m2/repository/org/javassist/javassist/3.24.0-GA/javassist-3.24.0-GA.jar:/home/danton/.m2/repository/antlr/antlr/2.7.7/antlr-2.7.7.jar:/home/danton/.m2/repository/org/jboss/jandex/2.1.1.Final/jandex-2.1.1.Final.jar:/home/danton/.m2/repository/com/fasterxml/classmate/1.5.1/classmate-1.5.1.jar:/home/danton/.m2/repository/org/dom4j/dom4j/2.1.1/dom4j-2.1.1.jar:/home/danton/.m2/repository/org/hibernate/common/hibernate-commons-annotations/5.1.0.Final/hibernate-commons-annotations-5.1.0.Final.jar:/home/danton/.m2/repository/org/glassfish/jaxb/jaxb-runtime/2.3.2/jaxb-runtime-2.3.2.jar:/home/danton/.m2/repository/org/glassfish/jaxb/txw2/2.3.2/txw2-2.3.2.jar:/home/danton/.m2/repository/com/sun/istack/istack-commons-runtime/3.0.8/istack-commons-runtime-3.0.8.jar:/home/danton/.m2/repository/org/jvnet/staxex/stax-ex/1.8.1/stax-ex-1.8.1.jar:/home/danton/.m2/repository/com/sun/xml/fastinfoset/FastInfoset/1.2.16/FastInfoset-1.2.16.jar:/home/danton/.m2/repository/org/springframework/data/spring-data-jpa/2.2.6.RELEASE/spring-data-jpa-2.2.6.RELEASE.jar:/home/danton/.m2/repository/org/springframework/data/spring-data-commons/2.2.6.RELEASE/spring-data-commons-2.2.6.RELEASE.jar:/home/danton/.m2/repository/org/springframework/spring-orm/5.2.5.RELEASE/spring-orm-5.2.5.RELEASE.jar:/home/danton/.m2/repository/org/springframework/spring-tx/5.2.5.RELEASE/spring-tx-5.2.5.RELEASE.jar:/home/danton/.m2/repository/org/springframework/spring-aspects/5.2.5.RELEASE/spring-aspects-5.2.5.RELEASE.jar:/home/danton/.m2/repository/org/springframework/boot/spring-boot-starter-thymeleaf/2.2.6.RELEASE/spring-boot-starter-thymeleaf-2.2.6.RELEASE.jar:/home/danton/.m2/repository/org/thymeleaf/thymeleaf-spring5/3.0.11.RELEASE/thymeleaf-spring5-3.0.11.RELEASE.jar:/home/danton/.m2/repository/org/thymeleaf/thymeleaf/3.0.11.RELEASE/thymeleaf-3.0.11.RELEASE.jar:/home/danton/.m2/repository/org/attoparser/attoparser/2.0.5.RELEASE/attoparser-2.0.5.RELEASE.jar:/home/danton/.m2/repository/org/unbescape/unbescape/1.1.6.RELEASE/unbescape-1.1.6.RELEASE.jar:/home/danton/.m2/repository/org/thymeleaf/extras/thymeleaf-extras-java8time/3.0.4.RELEASE/thymeleaf-extras-java8time-3.0.4.RELEASE.jar:/home/danton/.m2/repository/org/springframework/boot/spring-boot-starter-actuator/2.2.6.RELEASE/spring-boot-starter-actuator-2.2.6.RELEASE.jar:/home/danton/.m2/repository/org/springframework/boot/spring-boot-actuator-autoconfigure/2.2.6.RELEASE/spring-boot-actuator-autoconfigure-2.2.6.RELEASE.jar:/home/danton/.m2/repository/org/springframework/boot/spring-boot-actuator/2.2.6.RELEASE/spring-boot-actuator-2.2.6.RELEASE.jar:/home/danton/.m2/repository/io/micrometer/micrometer-core/1.3.6/micrometer-core-1.3.6.jar:/home/danton/.m2/repository/org/hdrhistogram/HdrHistogram/2.1.11/HdrHistogram-2.1.11.jar:/home/danton/.m2/repository/org/latencyutils/LatencyUtils/2.0.3/LatencyUtils-2.0.3.jar:/home/danton/.m2/repository/mysql/mysql-connector-java/8.0.19/mysql-connector-java-8.0.19.jar:/home/danton/.m2/repository/org/projectlombok/lombok/1.18.12/lombok-1.18.12.jar:/home/danton/.m2/repository/org/springframework/boot/spring-boot-starter-security/2.2.6.RELEASE/spring-boot-starter-security-2.2.6.RELEASE.jar:/home/danton/.m2/repository/org/springframework/spring-aop/5.2.5.RELEASE/spring-aop-5.2.5.RELEASE.jar:/home/danton/.m2/repository/org/springframework/security/spring-security-config/5.2.2.RELEASE/spring-security-config-5.2.2.RELEASE.jar:/home/danton/.m2/repository/org/springframework/security/spring-security-core/5.2.2.RELEASE/spring-security-core-5.2.2.RELEASE.jar:/home/danton/.m2/repository/org/springframework/security/spring-security-web/5.2.2.RELEASE/spring-security-web-5.2.2.RELEASE.jar:/home/danton/.m2/repository/org/springframework/security/oauth/boot/spring-security-oauth2-autoconfigure/2.1.5.RELEASE/spring-security-oauth2-autoconfigure-2.1.5.RELEASE.jar:/home/danton/.m2/repository/com/fasterxml/jackson/core/jackson-annotations/2.10.3/jackson-annotations-2.10.3.jar:/home/danton/.m2/repository/com/sun/xml/bind/jaxb-core/2.3.0.1/jaxb-core-2.3.0.1.jar:/home/danton/.m2/repository/com/sun/xml/bind/jaxb-impl/2.3.0.1/jaxb-impl-2.3.0.1.jar:/home/danton/.m2/repository/javax/xml/bind/jaxb-api/2.3.1/jaxb-api-2.3.1.jar:/home/danton/.m2/repository/javax/activation/javax.activation-api/1.2.0/javax.activation-api-1.2.0.jar:/home/danton/.m2/repository/org/springframework/security/oauth/spring-security-oauth2/2.3.5.RELEASE/spring-security-oauth2-2.3.5.RELEASE.jar:/home/danton/.m2/repository/org/codehaus/jackson/jackson-mapper-asl/1.9.13/jackson-mapper-asl-1.9.13.jar:/home/danton/.m2/repository/org/codehaus/jackson/jackson-core-asl/1.9.13/jackson-core-asl-1.9.13.jar:/home/danton/.m2/repository/org/springframework/security/spring-security-jwt/1.0.10.RELEASE/spring-security-jwt-1.0.10.RELEASE.jar:/home/danton/.m2/repository/org/bouncycastle/bcpkix-jdk15on/1.60/bcpkix-jdk15on-1.60.jar:/home/danton/.m2/repository/org/bouncycastle/bcprov-jdk15on/1.60/bcprov-jdk15on-1.60.jar:/home/danton/.m2/repository/org/apache/httpcomponents/httpclient/4.5.12/httpclient-4.5.12.jar:/home/danton/.m2/repository/org/apache/httpcomponents/httpcore/4.4.13/httpcore-4.4.13.jar:/home/danton/.m2/repository/commons-codec/commons-codec/1.13/commons-codec-1.13.jar:/home/danton/.m2/repository/com/fasterxml/jackson/core/jackson-databind/2.10.3/jackson-databind-2.10.3.jar:/home/danton/.m2/repository/com/fasterxml/jackson/core/jackson-core/2.10.3/jackson-core-2.10.3.jar:/home/danton/.m2/repository/org/springframework/boot/spring-boot-starter-mail/2.2.6.RELEASE/spring-boot-starter-mail-2.2.6.RELEASE.jar:/home/danton/.m2/repository/org/springframework/spring-context-support/5.2.5.RELEASE/spring-context-support-5.2.5.RELEASE.jar:/home/danton/.m2/repository/com/sun/mail/jakarta.mail/1.6.5/jakarta.mail-1.6.5.jar:/home/danton/.m2/repository/com/sun/activation/jakarta.activation/1.2.2/jakarta.activation-1.2.2.jar:/home/danton/.m2/repository/org/springframework/boot/spring-boot-configuration-processor/2.2.6.RELEASE/spring-boot-configuration-processor-2.2.6.RELEASE.jar:/home/danton/.m2/repository/com/amazonaws/aws-java-sdk/1.11.327/aws-java-sdk-1.11.327.jar:/home/danton/.m2/repository/com/amazonaws/aws-java-sdk-iotanalytics/1.11.327/aws-java-sdk-iotanalytics-1.11.327.jar:/home/danton/.m2/repository/com/amazonaws/jmespath-java/1.11.327/jmespath-java-1.11.327.jar:/home/danton/.m2/repository/com/amazonaws/aws-java-sdk-acmpca/1.11.327/aws-java-sdk-acmpca-1.11.327.jar:/home/danton/.m2/repository/com/amazonaws/aws-java-sdk-secretsmanager/1.11.327/aws-java-sdk-secretsmanager-1.11.327.jar:/home/danton/.m2/repository/com/amazonaws/aws-java-sdk-fms/1.11.327/aws-java-sdk-fms-1.11.327.jar:/home/danton/.m2/repository/com/amazonaws/aws-java-sdk-connect/1.11.327/aws-java-sdk-connect-1.11.327.jar:/home/danton/.m2/repository/com/amazonaws/aws-java-sdk-transcribe/1.11.327/aws-java-sdk-transcribe-1.11.327.jar:/home/danton/.m2/repository/com/amazonaws/aws-java-sdk-autoscalingplans/1.11.327/aws-java-sdk-autoscalingplans-1.11.327.jar:/home/danton/.m2/repository/com/amazonaws/aws-java-sdk-workmail/1.11.327/aws-java-sdk-workmail-1.11.327.jar:/home/danton/.m2/repository/com/amazonaws/aws-java-sdk-servicediscovery/1.11.327/aws-java-sdk-servicediscovery-1.11.327.jar:/home/danton/.m2/repository/com/amazonaws/aws-java-sdk-cloud9/1.11.327/aws-java-sdk-cloud9-1.11.327.jar:/home/danton/.m2/repository/com/amazonaws/aws-java-sdk-serverlessapplicationrepository/1.11.327/aws-java-sdk-serverlessapplicationrepository-1.11.327.jar:/home/danton/.m2/repository/com/amazonaws/aws-java-sdk-alexaforbusiness/1.11.327/aws-java-sdk-alexaforbusiness-1.11.327.jar:/home/danton/.m2/repository/com/amazonaws/aws-java-sdk-resourcegroups/1.11.327/aws-java-sdk-resourcegroups-1.11.327.jar:/home/danton/.m2/repository/com/amazonaws/aws-java-sdk-comprehend/1.11.327/aws-java-sdk-comprehend-1.11.327.jar:/home/danton/.m2/repository/com/amazonaws/aws-java-sdk-translate/1.11.327/aws-java-sdk-translate-1.11.327.jar:/home/danton/.m2/repository/com/amazonaws/aws-java-sdk-sagemaker/1.11.327/aws-java-sdk-sagemaker-1.11.327.jar:/home/danton/.m2/repository/com/amazonaws/aws-java-sdk-iotjobsdataplane/1.11.327/aws-java-sdk-iotjobsdataplane-1.11.327.jar:/home/danton/.m2/repository/com/amazonaws/aws-java-sdk-sagemakerruntime/1.11.327/aws-java-sdk-sagemakerruntime-1.11.327.jar:/home/danton/.m2/repository/com/amazonaws/aws-java-sdk-kinesisvideo/1.11.327/aws-java-sdk-kinesisvideo-1.11.327.jar:/home/danton/.m2/repository/io/netty/netty-codec-http/4.1.48.Final/netty-codec-http-4.1.48.Final.jar:/home/danton/.m2/repository/io/netty/netty-common/4.1.48.Final/netty-common-4.1.48.Final.jar:/home/danton/.m2/repository/io/netty/netty-buffer/4.1.48.Final/netty-buffer-4.1.48.Final.jar:/home/danton/.m2/repository/io/netty/netty-transport/4.1.48.Final/netty-transport-4.1.48.Final.jar:/home/danton/.m2/repository/io/netty/netty-codec/4.1.48.Final/netty-codec-4.1.48.Final.jar:/home/danton/.m2/repository/io/netty/netty-handler/4.1.48.Final/netty-handler-4.1.48.Final.jar:/home/danton/.m2/repository/io/netty/netty-resolver/4.1.48.Final/netty-resolver-4.1.48.Final.jar:/home/danton/.m2/repository/com/amazonaws/aws-java-sdk-appsync/1.11.327/aws-java-sdk-appsync-1.11.327.jar:/home/danton/.m2/repository/com/amazonaws/aws-java-sdk-guardduty/1.11.327/aws-java-sdk-guardduty-1.11.327.jar:/home/danton/.m2/repository/com/amazonaws/aws-java-sdk-mq/1.11.327/aws-java-sdk-mq-1.11.327.jar:/home/danton/.m2/repository/com/amazonaws/aws-java-sdk-mediaconvert/1.11.327/aws-java-sdk-mediaconvert-1.11.327.jar:/home/danton/.m2/repository/com/amazonaws/aws-java-sdk-mediastore/1.11.327/aws-java-sdk-mediastore-1.11.327.jar:/home/danton/.m2/repository/com/amazonaws/aws-java-sdk-mediastoredata/1.11.327/aws-java-sdk-mediastoredata-1.11.327.jar:/home/danton/.m2/repository/com/amazonaws/aws-java-sdk-medialive/1.11.327/aws-java-sdk-medialive-1.11.327.jar:/home/danton/.m2/repository/com/amazonaws/aws-java-sdk-mediapackage/1.11.327/aws-java-sdk-mediapackage-1.11.327.jar:/home/danton/.m2/repository/com/amazonaws/aws-java-sdk-costexplorer/1.11.327/aws-java-sdk-costexplorer-1.11.327.jar:/home/danton/.m2/repository/com/amazonaws/aws-java-sdk-pricing/1.11.327/aws-java-sdk-pricing-1.11.327.jar:/home/danton/.m2/repository/com/amazonaws/aws-java-sdk-mobile/1.11.327/aws-java-sdk-mobile-1.11.327.jar:/home/danton/.m2/repository/com/amazonaws/aws-java-sdk-cloudhsmv2/1.11.327/aws-java-sdk-cloudhsmv2-1.11.327.jar:/home/danton/.m2/repository/com/amazonaws/aws-java-sdk-glue/1.11.327/aws-java-sdk-glue-1.11.327.jar:/home/danton/.m2/repository/com/amazonaws/aws-java-sdk-migrationhub/1.11.327/aws-java-sdk-migrationhub-1.11.327.jar:/home/danton/.m2/repository/com/amazonaws/aws-java-sdk-dax/1.11.327/aws-java-sdk-dax-1.11.327.jar:/home/danton/.m2/repository/com/amazonaws/aws-java-sdk-greengrass/1.11.327/aws-java-sdk-greengrass-1.11.327.jar:/home/danton/.m2/repository/com/amazonaws/aws-java-sdk-athena/1.11.327/aws-java-sdk-athena-1.11.327.jar:/home/danton/.m2/repository/com/amazonaws/aws-java-sdk-marketplaceentitlement/1.11.327/aws-java-sdk-marketplaceentitlement-1.11.327.jar:/home/danton/.m2/repository/com/amazonaws/aws-java-sdk-codestar/1.11.327/aws-java-sdk-codestar-1.11.327.jar:/home/danton/.m2/repository/com/amazonaws/aws-java-sdk-lexmodelbuilding/1.11.327/aws-java-sdk-lexmodelbuilding-1.11.327.jar:/home/danton/.m2/repository/com/amazonaws/aws-java-sdk-resourcegroupstaggingapi/1.11.327/aws-java-sdk-resourcegroupstaggingapi-1.11.327.jar:/home/danton/.m2/repository/com/amazonaws/aws-java-sdk-pinpoint/1.11.327/aws-java-sdk-pinpoint-1.11.327.jar:/home/danton/.m2/repository/com/amazonaws/aws-java-sdk-xray/1.11.327/aws-java-sdk-xray-1.11.327.jar:/home/danton/.m2/repository/com/amazonaws/aws-java-sdk-opsworkscm/1.11.327/aws-java-sdk-opsworkscm-1.11.327.jar:/home/danton/.m2/repository/com/amazonaws/aws-java-sdk-support/1.11.327/aws-java-sdk-support-1.11.327.jar:/home/danton/.m2/repository/com/amazonaws/aws-java-sdk-simpledb/1.11.327/aws-java-sdk-simpledb-1.11.327.jar:/home/danton/.m2/repository/com/amazonaws/aws-java-sdk-servicecatalog/1.11.327/aws-java-sdk-servicecatalog-1.11.327.jar:/home/danton/.m2/repository/com/amazonaws/aws-java-sdk-servermigration/1.11.327/aws-java-sdk-servermigration-1.11.327.jar:/home/danton/.m2/repository/com/amazonaws/aws-java-sdk-simpleworkflow/1.11.327/aws-java-sdk-simpleworkflow-1.11.327.jar:/home/danton/.m2/repository/com/amazonaws/aws-java-sdk-storagegateway/1.11.327/aws-java-sdk-storagegateway-1.11.327.jar:/home/danton/.m2/repository/com/amazonaws/aws-java-sdk-route53/1.11.327/aws-java-sdk-route53-1.11.327.jar:/home/danton/.m2/repository/com/amazonaws/aws-java-sdk-s3/1.11.327/aws-java-sdk-s3-1.11.327.jar:/home/danton/.m2/repository/com/amazonaws/aws-java-sdk-importexport/1.11.327/aws-java-sdk-importexport-1.11.327.jar:/home/danton/.m2/repository/com/amazonaws/aws-java-sdk-sts/1.11.327/aws-java-sdk-sts-1.11.327.jar:/home/danton/.m2/repository/com/amazonaws/aws-java-sdk-sqs/1.11.327/aws-java-sdk-sqs-1.11.327.jar:/home/danton/.m2/repository/com/amazonaws/aws-java-sdk-rds/1.11.327/aws-java-sdk-rds-1.11.327.jar:/home/danton/.m2/repository/com/amazonaws/aws-java-sdk-redshift/1.11.327/aws-java-sdk-redshift-1.11.327.jar:/home/danton/.m2/repository/com/amazonaws/aws-java-sdk-elasticbeanstalk/1.11.327/aws-java-sdk-elasticbeanstalk-1.11.327.jar:/home/danton/.m2/repository/com/amazonaws/aws-java-sdk-glacier/1.11.327/aws-java-sdk-glacier-1.11.327.jar:/home/danton/.m2/repository/com/amazonaws/aws-java-sdk-iam/1.11.327/aws-java-sdk-iam-1.11.327.jar:/home/danton/.m2/repository/com/amazonaws/aws-java-sdk-datapipeline/1.11.327/aws-java-sdk-datapipeline-1.11.327.jar:/home/danton/.m2/repository/com/amazonaws/aws-java-sdk-elasticloadbalancing/1.11.327/aws-java-sdk-elasticloadbalancing-1.11.327.jar:/home/danton/.m2/repository/com/amazonaws/aws-java-sdk-elasticloadbalancingv2/1.11.327/aws-java-sdk-elasticloadbalancingv2-1.11.327.jar:/home/danton/.m2/repository/com/amazonaws/aws-java-sdk-emr/1.11.327/aws-java-sdk-emr-1.11.327.jar:/home/danton/.m2/repository/com/amazonaws/aws-java-sdk-elasticache/1.11.327/aws-java-sdk-elasticache-1.11.327.jar:/home/danton/.m2/repository/com/amazonaws/aws-java-sdk-elastictranscoder/1.11.327/aws-java-sdk-elastictranscoder-1.11.327.jar:/home/danton/.m2/repository/com/amazonaws/aws-java-sdk-ec2/1.11.327/aws-java-sdk-ec2-1.11.327.jar:/home/danton/.m2/repository/com/amazonaws/aws-java-sdk-dynamodb/1.11.327/aws-java-sdk-dynamodb-1.11.327.jar:/home/danton/.m2/repository/com/amazonaws/aws-java-sdk-sns/1.11.327/aws-java-sdk-sns-1.11.327.jar:/home/danton/.m2/repository/com/amazonaws/aws-java-sdk-budgets/1.11.327/aws-java-sdk-budgets-1.11.327.jar:/home/danton/.m2/repository/com/amazonaws/aws-java-sdk-cloudtrail/1.11.327/aws-java-sdk-cloudtrail-1.11.327.jar:/home/danton/.m2/repository/com/amazonaws/aws-java-sdk-cloudwatch/1.11.327/aws-java-sdk-cloudwatch-1.11.327.jar:/home/danton/.m2/repository/com/amazonaws/aws-java-sdk-logs/1.11.327/aws-java-sdk-logs-1.11.327.jar:/home/danton/.m2/repository/com/amazonaws/aws-java-sdk-events/1.11.327/aws-java-sdk-events-1.11.327.jar:/home/danton/.m2/repository/com/amazonaws/aws-java-sdk-cognitoidentity/1.11.327/aws-java-sdk-cognitoidentity-1.11.327.jar:/home/danton/.m2/repository/com/amazonaws/aws-java-sdk-cognitosync/1.11.327/aws-java-sdk-cognitosync-1.11.327.jar:/home/danton/.m2/repository/com/amazonaws/aws-java-sdk-directconnect/1.11.327/aws-java-sdk-directconnect-1.11.327.jar:/home/danton/.m2/repository/com/amazonaws/aws-java-sdk-cloudformation/1.11.327/aws-java-sdk-cloudformation-1.11.327.jar:/home/danton/.m2/repository/com/amazonaws/aws-java-sdk-cloudfront/1.11.327/aws-java-sdk-cloudfront-1.11.327.jar:/home/danton/.m2/repository/com/amazonaws/aws-java-sdk-clouddirectory/1.11.327/aws-java-sdk-clouddirectory-1.11.327.jar:/home/danton/.m2/repository/com/amazonaws/aws-java-sdk-kinesis/1.11.327/aws-java-sdk-kinesis-1.11.327.jar:/home/danton/.m2/repository/com/amazonaws/aws-java-sdk-opsworks/1.11.327/aws-java-sdk-opsworks-1.11.327.jar:/home/danton/.m2/repository/com/amazonaws/aws-java-sdk-ses/1.11.327/aws-java-sdk-ses-1.11.327.jar:/home/danton/.m2/repository/com/amazonaws/aws-java-sdk-autoscaling/1.11.327/aws-java-sdk-autoscaling-1.11.327.jar:/home/danton/.m2/repository/com/amazonaws/aws-java-sdk-cloudsearch/1.11.327/aws-java-sdk-cloudsearch-1.11.327.jar:/home/danton/.m2/repository/com/amazonaws/aws-java-sdk-cloudwatchmetrics/1.11.327/aws-java-sdk-cloudwatchmetrics-1.11.327.jar:/home/danton/.m2/repository/com/amazonaws/aws-java-sdk-codedeploy/1.11.327/aws-java-sdk-codedeploy-1.11.327.jar:/home/danton/.m2/repository/com/amazonaws/aws-java-sdk-codepipeline/1.11.327/aws-java-sdk-codepipeline-1.11.327.jar:/home/danton/.m2/repository/com/amazonaws/aws-java-sdk-kms/1.11.327/aws-java-sdk-kms-1.11.327.jar:/home/danton/.m2/repository/com/amazonaws/aws-java-sdk-config/1.11.327/aws-java-sdk-config-1.11.327.jar:/home/danton/.m2/repository/com/amazonaws/aws-java-sdk-lambda/1.11.327/aws-java-sdk-lambda-1.11.327.jar:/home/danton/.m2/repository/com/amazonaws/aws-java-sdk-ecs/1.11.327/aws-java-sdk-ecs-1.11.327.jar:/home/danton/.m2/repository/com/amazonaws/aws-java-sdk-ecr/1.11.327/aws-java-sdk-ecr-1.11.327.jar:/home/danton/.m2/repository/com/amazonaws/aws-java-sdk-cloudhsm/1.11.327/aws-java-sdk-cloudhsm-1.11.327.jar:/home/danton/.m2/repository/com/amazonaws/aws-java-sdk-ssm/1.11.327/aws-java-sdk-ssm-1.11.327.jar:/home/danton/.m2/repository/com/amazonaws/aws-java-sdk-workspaces/1.11.327/aws-java-sdk-workspaces-1.11.327.jar:/home/danton/.m2/repository/com/amazonaws/aws-java-sdk-machinelearning/1.11.327/aws-java-sdk-machinelearning-1.11.327.jar:/home/danton/.m2/repository/com/amazonaws/aws-java-sdk-directory/1.11.327/aws-java-sdk-directory-1.11.327.jar:/home/danton/.m2/repository/com/amazonaws/aws-java-sdk-efs/1.11.327/aws-java-sdk-efs-1.11.327.jar:/home/danton/.m2/repository/com/amazonaws/aws-java-sdk-codecommit/1.11.327/aws-java-sdk-codecommit-1.11.327.jar:/home/danton/.m2/repository/com/amazonaws/aws-java-sdk-devicefarm/1.11.327/aws-java-sdk-devicefarm-1.11.327.jar:/home/danton/.m2/repository/com/amazonaws/aws-java-sdk-elasticsearch/1.11.327/aws-java-sdk-elasticsearch-1.11.327.jar:/home/danton/.m2/repository/com/amazonaws/aws-java-sdk-waf/1.11.327/aws-java-sdk-waf-1.11.327.jar:/home/danton/.m2/repository/com/amazonaws/aws-java-sdk-marketplacecommerceanalytics/1.11.327/aws-java-sdk-marketplacecommerceanalytics-1.11.327.jar:/home/danton/.m2/repository/com/amazonaws/aws-java-sdk-inspector/1.11.327/aws-java-sdk-inspector-1.11.327.jar:/home/danton/.m2/repository/com/amazonaws/aws-java-sdk-iot/1.11.327/aws-java-sdk-iot-1.11.327.jar:/home/danton/.m2/repository/com/amazonaws/aws-java-sdk-api-gateway/1.11.327/aws-java-sdk-api-gateway-1.11.327.jar:/home/danton/.m2/repository/com/amazonaws/aws-java-sdk-acm/1.11.327/aws-java-sdk-acm-1.11.327.jar:/home/danton/.m2/repository/com/amazonaws/aws-java-sdk-gamelift/1.11.327/aws-java-sdk-gamelift-1.11.327.jar:/home/danton/.m2/repository/com/amazonaws/aws-java-sdk-dms/1.11.327/aws-java-sdk-dms-1.11.327.jar:/home/danton/.m2/repository/com/amazonaws/aws-java-sdk-marketplacemeteringservice/1.11.327/aws-java-sdk-marketplacemeteringservice-1.11.327.jar:/home/danton/.m2/repository/com/amazonaws/aws-java-sdk-cognitoidp/1.11.327/aws-java-sdk-cognitoidp-1.11.327.jar:/home/danton/.m2/repository/com/amazonaws/aws-java-sdk-discovery/1.11.327/aws-java-sdk-discovery-1.11.327.jar:/home/danton/.m2/repository/com/amazonaws/aws-java-sdk-applicationautoscaling/1.11.327/aws-java-sdk-applicationautoscaling-1.11.327.jar:/home/danton/.m2/repository/com/amazonaws/aws-java-sdk-snowball/1.11.327/aws-java-sdk-snowball-1.11.327.jar:/home/danton/.m2/repository/com/amazonaws/aws-java-sdk-rekognition/1.11.327/aws-java-sdk-rekognition-1.11.327.jar:/home/danton/.m2/repository/com/amazonaws/aws-java-sdk-polly/1.11.327/aws-java-sdk-polly-1.11.327.jar:/home/danton/.m2/repository/com/amazonaws/aws-java-sdk-lightsail/1.11.327/aws-java-sdk-lightsail-1.11.327.jar:/home/danton/.m2/repository/com/amazonaws/aws-java-sdk-stepfunctions/1.11.327/aws-java-sdk-stepfunctions-1.11.327.jar:/home/danton/.m2/repository/com/amazonaws/aws-java-sdk-health/1.11.327/aws-java-sdk-health-1.11.327.jar:/home/danton/.m2/repository/com/amazonaws/aws-java-sdk-costandusagereport/1.11.327/aws-java-sdk-costandusagereport-1.11.327.jar:/home/danton/.m2/repository/com/amazonaws/aws-java-sdk-codebuild/1.11.327/aws-java-sdk-codebuild-1.11.327.jar:/home/danton/.m2/repository/com/amazonaws/aws-java-sdk-appstream/1.11.327/aws-java-sdk-appstream-1.11.327.jar:/home/danton/.m2/repository/com/amazonaws/aws-java-sdk-shield/1.11.327/aws-java-sdk-shield-1.11.327.jar:/home/danton/.m2/repository/com/amazonaws/aws-java-sdk-batch/1.11.327/aws-java-sdk-batch-1.11.327.jar:/home/danton/.m2/repository/com/amazonaws/aws-java-sdk-lex/1.11.327/aws-java-sdk-lex-1.11.327.jar:/home/danton/.m2/repository/com/amazonaws/aws-java-sdk-mechanicalturkrequester/1.11.327/aws-java-sdk-mechanicalturkrequester-1.11.327.jar:/home/danton/.m2/repository/com/amazonaws/aws-java-sdk-organizations/1.11.327/aws-java-sdk-organizations-1.11.327.jar:/home/danton/.m2/repository/com/amazonaws/aws-java-sdk-workdocs/1.11.327/aws-java-sdk-workdocs-1.11.327.jar:/home/danton/.m2/repository/com/amazonaws/aws-java-sdk-core/1.11.327/aws-java-sdk-core-1.11.327.jar:/home/danton/.m2/repository/commons-logging/commons-logging/1.1.3/commons-logging-1.1.3.jar:/home/danton/.m2/repository/software/amazon/ion/ion-java/1.0.2/ion-java-1.0.2.jar:/home/danton/.m2/repository/com/fasterxml/jackson/dataformat/jackson-dataformat-cbor/2.10.3/jackson-dataformat-cbor-2.10.3.jar:/home/danton/.m2/repository/joda-time/joda-time/2.10.5/joda-time-2.10.5.jar:/home/danton/.m2/repository/com/amazonaws/aws-java-sdk-models/1.11.327/aws-java-sdk-models-1.11.327.jar:/home/danton/.m2/repository/com/amazonaws/aws-java-sdk-swf-libraries/1.11.22/aws-java-sdk-swf-libraries-1.11.22.jar:/home/danton/.m2/repository/org/apache/maven/plugins/maven-surefire-plugin/2.18.1/maven-surefire-plugin-2.18.1.jar:/home/danton/.m2/repository/org/apache/maven/maven-plugin-api/2.2.1/maven-plugin-api-2.2.1.jar:/home/danton/.m2/repository/org/apache/maven/surefire/maven-surefire-common/2.18.1/maven-surefire-common-2.18.1.jar:/home/danton/.m2/repository/org/apache/maven/surefire/surefire-booter/2.18.1/surefire-booter-2.18.1.jar:/home/danton/.m2/repository/org/apache/maven/maven-artifact/2.2.1/maven-artifact-2.2.1.jar:/home/danton/.m2/repository/org/codehaus/plexus/plexus-utils/1.5.15/plexus-utils-1.5.15.jar:/home/danton/.m2/repository/org/apache/maven/maven-plugin-descriptor/2.2.1/maven-plugin-descriptor-2.2.1.jar:/home/danton/.m2/repository/org/codehaus/plexus/plexus-container-default/1.0-alpha-9-stable-1/plexus-container-default-1.0-alpha-9-stable-1.jar:/home/danton/.m2/repository/org/apache/maven/maven-project/2.2.1/maven-project-2.2.1.jar:/home/danton/.m2/repository/org/apache/maven/maven-settings/2.2.1/maven-settings-2.2.1.jar:/home/danton/.m2/repository/org/apache/maven/maven-profile/2.2.1/maven-profile-2.2.1.jar:/home/danton/.m2/repository/org/apache/maven/maven-artifact-manager/2.2.1/maven-artifact-manager-2.2.1.jar:/home/danton/.m2/repository/backport-util-concurrent/backport-util-concurrent/3.1/backport-util-concurrent-3.1.jar:/home/danton/.m2/repository/org/apache/maven/maven-plugin-registry/2.2.1/maven-plugin-registry-2.2.1.jar:/home/danton/.m2/repository/org/codehaus/plexus/plexus-interpolation/1.11/plexus-interpolation-1.11.jar:/home/danton/.m2/repository/org/apache/maven/maven-model/2.2.1/maven-model-2.2.1.jar:/home/danton/.m2/repository/org/apache/maven/maven-core/2.2.1/maven-core-2.2.1.jar:/home/danton/.m2/repository/org/apache/maven/maven-plugin-parameter-documenter/2.2.1/maven-plugin-parameter-documenter-2.2.1.jar:/home/danton/.m2/repository/org/apache/maven/wagon/wagon-http/1.0-beta-6/wagon-http-1.0-beta-6.jar:/home/danton/.m2/repository/org/apache/maven/wagon/wagon-http-shared/1.0-beta-6/wagon-http-shared-1.0-beta-6.jar:/home/danton/.m2/repository/nekohtml/xercesMinimal/1.9.6.2/xercesMinimal-1.9.6.2.jar:/home/danton/.m2/repository/nekohtml/nekohtml/1.9.6.2/nekohtml-1.9.6.2.jar:/home/danton/.m2/repository/commons-httpclient/commons-httpclient/3.1/commons-httpclient-3.1.jar:/home/danton/.m2/repository/org/apache/maven/wagon/wagon-webdav-jackrabbit/1.0-beta-6/wagon-webdav-jackrabbit-1.0-beta-6.jar:/home/danton/.m2/repository/org/apache/jackrabbit/jackrabbit-webdav/1.5.0/jackrabbit-webdav-1.5.0.jar:/home/danton/.m2/repository/org/apache/jackrabbit/jackrabbit-jcr-commons/1.5.0/jackrabbit-jcr-commons-1.5.0.jar:/home/danton/.m2/repository/org/slf4j/slf4j-nop/1.7.30/slf4j-nop-1.7.30.jar:/home/danton/.m2/repository/org/slf4j/slf4j-jdk14/1.7.30/slf4j-jdk14-1.7.30.jar:/home/danton/.m2/repository/org/slf4j/jcl-over-slf4j/1.7.30/jcl-over-slf4j-1.7.30.jar:/home/danton/.m2/repository/org/apache/maven/reporting/maven-reporting-api/2.2.1/maven-reporting-api-2.2.1.jar:/home/danton/.m2/repository/org/apache/maven/doxia/doxia-logging-api/1.1/doxia-logging-api-1.1.jar:/home/danton/.m2/repository/org/apache/maven/wagon/wagon-provider-api/1.0-beta-6/wagon-provider-api-1.0-beta-6.jar:/home/danton/.m2/repository/org/apache/maven/maven-repository-metadata/2.2.1/maven-repository-metadata-2.2.1.jar:/home/danton/.m2/repository/org/apache/maven/maven-error-diagnostics/2.2.1/maven-error-diagnostics-2.2.1.jar:/home/danton/.m2/repository/org/apache/maven/maven-monitor/2.2.1/maven-monitor-2.2.1.jar:/home/danton/.m2/repository/classworlds/classworlds/1.1/classworlds-1.1.jar:/home/danton/.m2/repository/org/sonatype/plexus/plexus-sec-dispatcher/1.3/plexus-sec-dispatcher-1.3.jar:/home/danton/.m2/repository/org/sonatype/plexus/plexus-cipher/1.4/plexus-cipher-1.4.jar:/home/danton/.m2/repository/org/apache/commons/commons-lang3/3.9/commons-lang3-3.9.jar:/home/danton/.m2/repository/org/apache/maven/surefire/surefire-api/2.18.1/surefire-api-2.18.1.jar:/home/danton/.m2/repository/org/apache/maven/maven-toolchain/2.2.1/maven-toolchain-2.2.1.jar:/home/danton/.m2/repository/org/apache/maven/plugin-tools/maven-plugin-annotations/3.3/maven-plugin-annotations-3.3.jar:"/>
    <property name="java.vm.vendor" value="Ubuntu"/>
    <property name="sun.arch.data.model" value="64"/>
    <property name="java.vendor.url" value="https://ubuntu.com/"/>
    <property name="user.timezone" value=""/>
    <property name="java.vm.specification.version" value="11"/>
    <property name="os.name" value="Linux"/>
    <property name="sun.java.launcher" value="SUN_STANDARD"/>
    <property name="user.country" value="BR"/>
    <property name="sun.boot.library.path" value="/usr/lib/jvm/java-11-openjdk-amd64/lib"/>
    <property name="sun.java.command" value="/home/danton/workspace/Lead_Sponge.IO/BackEnd/LeadSponge.IO/target/surefire/surefirebooter2174297365637400329.jar /home/danton/workspace/Lead_Sponge.IO/BackEnd/LeadSponge.IO/target/surefire 2020-09-11T21-38-06_685-jvmRun1 surefire9365499923655450813tmp surefire_016926477178196776670tmp"/>
    <property name="jdk.debug" value="release"/>
    <property name="surefire.test.class.path" value="/home/danton/workspace/Lead_Sponge.IO/BackEnd/LeadSponge.IO/target/test-classes:/home/danton/workspace/Lead_Sponge.IO/BackEnd/LeadSponge.IO/target/classes:/home/danton/.m2/repository/org/springframework/boot/spring-boot-starter-web/2.2.6.RELEASE/spring-boot-starter-web-2.2.6.RELEASE.jar:/home/danton/.m2/repository/org/springframework/boot/spring-boot-starter/2.2.6.RELEASE/spring-boot-starter-2.2.6.RELEASE.jar:/home/danton/.m2/repository/org/springframework/boot/spring-boot-starter-logging/2.2.6.RELEASE/spring-boot-starter-logging-2.2.6.RELEASE.jar:/home/danton/.m2/repository/ch/qos/logback/logback-classic/1.2.3/logback-classic-1.2.3.jar:/home/danton/.m2/repository/ch/qos/logback/logback-core/1.2.3/logback-core-1.2.3.jar:/home/danton/.m2/repository/org/apache/logging/log4j/log4j-to-slf4j/2.12.1/log4j-to-slf4j-2.12.1.jar:/home/danton/.m2/repository/org/apache/logging/log4j/log4j-api/2.12.1/log4j-api-2.12.1.jar:/home/danton/.m2/repository/org/slf4j/jul-to-slf4j/1.7.30/jul-to-slf4j-1.7.30.jar:/home/danton/.m2/repository/jakarta/annotation/jakarta.annotation-api/1.3.5/jakarta.annotation-api-1.3.5.jar:/home/danton/.m2/repository/org/yaml/snakeyaml/1.25/snakeyaml-1.25.jar:/home/danton/.m2/repository/org/springframework/boot/spring-boot-starter-json/2.2.6.RELEASE/spring-boot-starter-json-2.2.6.RELEASE.jar:/home/danton/.m2/repository/com/fasterxml/jackson/datatype/jackson-datatype-jdk8/2.10.3/jackson-datatype-jdk8-2.10.3.jar:/home/danton/.m2/repository/com/fasterxml/jackson/datatype/jackson-datatype-jsr310/2.10.3/jackson-datatype-jsr310-2.10.3.jar:/home/danton/.m2/repository/com/fasterxml/jackson/module/jackson-module-parameter-names/2.10.3/jackson-module-parameter-names-2.10.3.jar:/home/danton/.m2/repository/org/springframework/boot/spring-boot-starter-tomcat/2.2.6.RELEASE/spring-boot-starter-tomcat-2.2.6.RELEASE.jar:/home/danton/.m2/repository/org/apache/tomcat/embed/tomcat-embed-core/9.0.33/tomcat-embed-core-9.0.33.jar:/home/danton/.m2/repository/org/apache/tomcat/embed/tomcat-embed-el/9.0.33/tomcat-embed-el-9.0.33.jar:/home/danton/.m2/repository/org/apache/tomcat/embed/tomcat-embed-websocket/9.0.33/tomcat-embed-websocket-9.0.33.jar:/home/danton/.m2/repository/org/springframework/boot/spring-boot-starter-validation/2.2.6.RELEASE/spring-boot-starter-validation-2.2.6.RELEASE.jar:/home/danton/.m2/repository/jakarta/validation/jakarta.validation-api/2.0.2/jakarta.validation-api-2.0.2.jar:/home/danton/.m2/repository/org/hibernate/validator/hibernate-validator/6.0.18.Final/hibernate-validator-6.0.18.Final.jar:/home/danton/.m2/repository/org/springframework/spring-web/5.2.5.RELEASE/spring-web-5.2.5.RELEASE.jar:/home/danton/.m2/repository/org/springframework/spring-beans/5.2.5.RELEASE/spring-beans-5.2.5.RELEASE.jar:/home/danton/.m2/repository/org/springframework/spring-webmvc/5.2.5.RELEASE/spring-webmvc-5.2.5.RELEASE.jar:/home/danton/.m2/repository/org/springframework/spring-context/5.2.5.RELEASE/spring-context-5.2.5.RELEASE.jar:/home/danton/.m2/repository/org/springframework/spring-expression/5.2.5.RELEASE/spring-expression-5.2.5.RELEASE.jar:/home/danton/.m2/repository/org/springframework/boot/spring-boot-devtools/2.2.6.RELEASE/spring-boot-devtools-2.2.6.RELEASE.jar:/home/danton/.m2/repository/org/springframework/boot/spring-boot/2.2.6.RELEASE/spring-boot-2.2.6.RELEASE.jar:/home/danton/.m2/repository/org/springframework/boot/spring-boot-autoconfigure/2.2.6.RELEASE/spring-boot-autoconfigure-2.2.6.RELEASE.jar:/home/danton/.m2/repository/org/springframework/boot/spring-boot-starter-test/2.2.6.RELEASE/spring-boot-starter-test-2.2.6.RELEASE.jar:/home/danton/.m2/repository/org/springframework/boot/spring-boot-test/2.2.6.RELEASE/spring-boot-test-2.2.6.RELEASE.jar:/home/danton/.m2/repository/org/springframework/boot/spring-boot-test-autoconfigure/2.2.6.RELEASE/spring-boot-test-autoconfigure-2.2.6.RELEASE.jar:/home/danton/.m2/repository/com/jayway/jsonpath/json-path/2.4.0/json-path-2.4.0.jar:/home/danton/.m2/repository/net/minidev/json-smart/2.3/json-smart-2.3.jar:/home/danton/.m2/repository/net/minidev/accessors-smart/1.2/accessors-smart-1.2.jar:/home/danton/.m2/repository/org/ow2/asm/asm/5.0.4/asm-5.0.4.jar:/home/danton/.m2/repository/org/slf4j/slf4j-api/1.7.30/slf4j-api-1.7.30.jar:/home/danton/.m2/repository/jakarta/xml/bind/jakarta.xml.bind-api/2.3.3/jakarta.xml.bind-api-2.3.3.jar:/home/danton/.m2/repository/org/junit/jupiter/junit-jupiter/5.5.2/junit-jupiter-5.5.2.jar:/home/danton/.m2/repository/org/junit/jupiter/junit-jupiter-api/5.5.2/junit-jupiter-api-5.5.2.jar:/home/danton/.m2/repository/org/opentest4j/opentest4j/1.2.0/opentest4j-1.2.0.jar:/home/danton/.m2/repository/org/junit/platform/junit-platform-commons/1.5.2/junit-platform-commons-1.5.2.jar:/home/danton/.m2/repository/org/junit/jupiter/junit-jupiter-params/5.5.2/junit-jupiter-params-5.5.2.jar:/home/danton/.m2/repository/org/junit/jupiter/junit-jupiter-engine/5.5.2/junit-jupiter-engine-5.5.2.jar:/home/danton/.m2/repository/org/junit/vintage/junit-vintage-engine/5.5.2/junit-vintage-engine-5.5.2.jar:/home/danton/.m2/repository/org/apiguardian/apiguardian-api/1.1.0/apiguardian-api-1.1.0.jar:/home/danton/.m2/repository/org/junit/platform/junit-platform-engine/1.5.2/junit-platform-engine-1.5.2.jar:/home/danton/.m2/repository/junit/junit/4.12/junit-4.12.jar:/home/danton/.m2/repository/org/mockito/mockito-junit-jupiter/3.1.0/mockito-junit-jupiter-3.1.0.jar:/home/danton/.m2/repository/org/assertj/assertj-core/3.13.2/assertj-core-3.13.2.jar:/home/danton/.m2/repository/org/hamcrest/hamcrest/2.1/hamcrest-2.1.jar:/home/danton/.m2/repository/org/mockito/mockito-core/3.1.0/mockito-core-3.1.0.jar:/home/danton/.m2/repository/net/bytebuddy/byte-buddy/1.10.8/byte-buddy-1.10.8.jar:/home/danton/.m2/repository/net/bytebuddy/byte-buddy-agent/1.10.8/byte-buddy-agent-1.10.8.jar:/home/danton/.m2/repository/org/objenesis/objenesis/2.6/objenesis-2.6.jar:/home/danton/.m2/repository/org/skyscreamer/jsonassert/1.5.0/jsonassert-1.5.0.jar:/home/danton/.m2/repository/com/vaadin/external/google/android-json/0.0.20131108.vaadin1/android-json-0.0.20131108.vaadin1.jar:/home/danton/.m2/repository/org/springframework/spring-core/5.2.5.RELEASE/spring-core-5.2.5.RELEASE.jar:/home/danton/.m2/repository/org/springframework/spring-jcl/5.2.5.RELEASE/spring-jcl-5.2.5.RELEASE.jar:/home/danton/.m2/repository/org/springframework/spring-test/5.2.5.RELEASE/spring-test-5.2.5.RELEASE.jar:/home/danton/.m2/repository/org/xmlunit/xmlunit-core/2.6.4/xmlunit-core-2.6.4.jar:/home/danton/.m2/repository/org/springframework/boot/spring-boot-starter-data-jpa/2.2.6.RELEASE/spring-boot-starter-data-jpa-2.2.6.RELEASE.jar:/home/danton/.m2/repository/org/springframework/boot/spring-boot-starter-aop/2.2.6.RELEASE/spring-boot-starter-aop-2.2.6.RELEASE.jar:/home/danton/.m2/repository/org/aspectj/aspectjweaver/1.9.5/aspectjweaver-1.9.5.jar:/home/danton/.m2/repository/org/springframework/boot/spring-boot-starter-jdbc/2.2.6.RELEASE/spring-boot-starter-jdbc-2.2.6.RELEASE.jar:/home/danton/.m2/repository/com/zaxxer/HikariCP/3.4.2/HikariCP-3.4.2.jar:/home/danton/.m2/repository/org/springframework/spring-jdbc/5.2.5.RELEASE/spring-jdbc-5.2.5.RELEASE.jar:/home/danton/.m2/repository/jakarta/activation/jakarta.activation-api/1.2.2/jakarta.activation-api-1.2.2.jar:/home/danton/.m2/repository/jakarta/persistence/jakarta.persistence-api/2.2.3/jakarta.persistence-api-2.2.3.jar:/home/danton/.m2/repository/jakarta/transaction/jakarta.transaction-api/1.3.3/jakarta.transaction-api-1.3.3.jar:/home/danton/.m2/repository/org/hibernate/hibernate-core/5.4.12.Final/hibernate-core-5.4.12.Final.jar:/home/danton/.m2/repository/org/jboss/logging/jboss-logging/3.4.1.Final/jboss-logging-3.4.1.Final.jar:/home/danton/.m2/repository/org/javassist/javassist/3.24.0-GA/javassist-3.24.0-GA.jar:/home/danton/.m2/repository/antlr/antlr/2.7.7/antlr-2.7.7.jar:/home/danton/.m2/repository/org/jboss/jandex/2.1.1.Final/jandex-2.1.1.Final.jar:/home/danton/.m2/repository/com/fasterxml/classmate/1.5.1/classmate-1.5.1.jar:/home/danton/.m2/repository/org/dom4j/dom4j/2.1.1/dom4j-2.1.1.jar:/home/danton/.m2/repository/org/hibernate/common/hibernate-commons-annotations/5.1.0.Final/hibernate-commons-annotations-5.1.0.Final.jar:/home/danton/.m2/repository/org/glassfish/jaxb/jaxb-runtime/2.3.2/jaxb-runtime-2.3.2.jar:/home/danton/.m2/repository/org/glassfish/jaxb/txw2/2.3.2/txw2-2.3.2.jar:/home/danton/.m2/repository/com/sun/istack/istack-commons-runtime/3.0.8/istack-commons-runtime-3.0.8.jar:/home/danton/.m2/repository/org/jvnet/staxex/stax-ex/1.8.1/stax-ex-1.8.1.jar:/home/danton/.m2/repository/com/sun/xml/fastinfoset/FastInfoset/1.2.16/FastInfoset-1.2.16.jar:/home/danton/.m2/repository/org/springframework/data/spring-data-jpa/2.2.6.RELEASE/spring-data-jpa-2.2.6.RELEASE.jar:/home/danton/.m2/repository/org/springframework/data/spring-data-commons/2.2.6.RELEASE/spring-data-commons-2.2.6.RELEASE.jar:/home/danton/.m2/repository/org/springframework/spring-orm/5.2.5.RELEASE/spring-orm-5.2.5.RELEASE.jar:/home/danton/.m2/repository/org/springframework/spring-tx/5.2.5.RELEASE/spring-tx-5.2.5.RELEASE.jar:/home/danton/.m2/repository/org/springframework/spring-aspects/5.2.5.RELEASE/spring-aspects-5.2.5.RELEASE.jar:/home/danton/.m2/repository/org/springframework/boot/spring-boot-starter-thymeleaf/2.2.6.RELEASE/spring-boot-starter-thymeleaf-2.2.6.RELEASE.jar:/home/danton/.m2/repository/org/thymeleaf/thymeleaf-spring5/3.0.11.RELEASE/thymeleaf-spring5-3.0.11.RELEASE.jar:/home/danton/.m2/repository/org/thymeleaf/thymeleaf/3.0.11.RELEASE/thymeleaf-3.0.11.RELEASE.jar:/home/danton/.m2/repository/org/attoparser/attoparser/2.0.5.RELEASE/attoparser-2.0.5.RELEASE.jar:/home/danton/.m2/repository/org/unbescape/unbescape/1.1.6.RELEASE/unbescape-1.1.6.RELEASE.jar:/home/danton/.m2/repository/org/thymeleaf/extras/thymeleaf-extras-java8time/3.0.4.RELEASE/thymeleaf-extras-java8time-3.0.4.RELEASE.jar:/home/danton/.m2/repository/org/springframework/boot/spring-boot-starter-actuator/2.2.6.RELEASE/spring-boot-starter-actuator-2.2.6.RELEASE.jar:/home/danton/.m2/repository/org/springframework/boot/spring-boot-actuator-autoconfigure/2.2.6.RELEASE/spring-boot-actuator-autoconfigure-2.2.6.RELEASE.jar:/home/danton/.m2/repository/org/springframework/boot/spring-boot-actuator/2.2.6.RELEASE/spring-boot-actuator-2.2.6.RELEASE.jar:/home/danton/.m2/repository/io/micrometer/micrometer-core/1.3.6/micrometer-core-1.3.6.jar:/home/danton/.m2/repository/org/hdrhistogram/HdrHistogram/2.1.11/HdrHistogram-2.1.11.jar:/home/danton/.m2/repository/org/latencyutils/LatencyUtils/2.0.3/LatencyUtils-2.0.3.jar:/home/danton/.m2/repository/mysql/mysql-connector-java/8.0.19/mysql-connector-java-8.0.19.jar:/home/danton/.m2/repository/org/projectlombok/lombok/1.18.12/lombok-1.18.12.jar:/home/danton/.m2/repository/org/springframework/boot/spring-boot-starter-security/2.2.6.RELEASE/spring-boot-starter-security-2.2.6.RELEASE.jar:/home/danton/.m2/repository/org/springframework/spring-aop/5.2.5.RELEASE/spring-aop-5.2.5.RELEASE.jar:/home/danton/.m2/repository/org/springframework/security/spring-security-config/5.2.2.RELEASE/spring-security-config-5.2.2.RELEASE.jar:/home/danton/.m2/repository/org/springframework/security/spring-security-core/5.2.2.RELEASE/spring-security-core-5.2.2.RELEASE.jar:/home/danton/.m2/repository/org/springframework/security/spring-security-web/5.2.2.RELEASE/spring-security-web-5.2.2.RELEASE.jar:/home/danton/.m2/repository/org/springframework/security/oauth/boot/spring-security-oauth2-autoconfigure/2.1.5.RELEASE/spring-security-oauth2-autoconfigure-2.1.5.RELEASE.jar:/home/danton/.m2/repository/com/fasterxml/jackson/core/jackson-annotations/2.10.3/jackson-annotations-2.10.3.jar:/home/danton/.m2/repository/com/sun/xml/bind/jaxb-core/2.3.0.1/jaxb-core-2.3.0.1.jar:/home/danton/.m2/repository/com/sun/xml/bind/jaxb-impl/2.3.0.1/jaxb-impl-2.3.0.1.jar:/home/danton/.m2/repository/javax/xml/bind/jaxb-api/2.3.1/jaxb-api-2.3.1.jar:/home/danton/.m2/repository/javax/activation/javax.activation-api/1.2.0/javax.activation-api-1.2.0.jar:/home/danton/.m2/repository/org/springframework/security/oauth/spring-security-oauth2/2.3.5.RELEASE/spring-security-oauth2-2.3.5.RELEASE.jar:/home/danton/.m2/repository/org/codehaus/jackson/jackson-mapper-asl/1.9.13/jackson-mapper-asl-1.9.13.jar:/home/danton/.m2/repository/org/codehaus/jackson/jackson-core-asl/1.9.13/jackson-core-asl-1.9.13.jar:/home/danton/.m2/repository/org/springframework/security/spring-security-jwt/1.0.10.RELEASE/spring-security-jwt-1.0.10.RELEASE.jar:/home/danton/.m2/repository/org/bouncycastle/bcpkix-jdk15on/1.60/bcpkix-jdk15on-1.60.jar:/home/danton/.m2/repository/org/bouncycastle/bcprov-jdk15on/1.60/bcprov-jdk15on-1.60.jar:/home/danton/.m2/repository/org/apache/httpcomponents/httpclient/4.5.12/httpclient-4.5.12.jar:/home/danton/.m2/repository/org/apache/httpcomponents/httpcore/4.4.13/httpcore-4.4.13.jar:/home/danton/.m2/repository/commons-codec/commons-codec/1.13/commons-codec-1.13.jar:/home/danton/.m2/repository/com/fasterxml/jackson/core/jackson-databind/2.10.3/jackson-databind-2.10.3.jar:/home/danton/.m2/repository/com/fasterxml/jackson/core/jackson-core/2.10.3/jackson-core-2.10.3.jar:/home/danton/.m2/repository/org/springframework/boot/spring-boot-starter-mail/2.2.6.RELEASE/spring-boot-starter-mail-2.2.6.RELEASE.jar:/home/danton/.m2/repository/org/springframework/spring-context-support/5.2.5.RELEASE/spring-context-support-5.2.5.RELEASE.jar:/home/danton/.m2/repository/com/sun/mail/jakarta.mail/1.6.5/jakarta.mail-1.6.5.jar:/home/danton/.m2/repository/com/sun/activation/jakarta.activation/1.2.2/jakarta.activation-1.2.2.jar:/home/danton/.m2/repository/org/springframework/boot/spring-boot-configuration-processor/2.2.6.RELEASE/spring-boot-configuration-processor-2.2.6.RELEASE.jar:/home/danton/.m2/repository/com/amazonaws/aws-java-sdk/1.11.327/aws-java-sdk-1.11.327.jar:/home/danton/.m2/repository/com/amazonaws/aws-java-sdk-iotanalytics/1.11.327/aws-java-sdk-iotanalytics-1.11.327.jar:/home/danton/.m2/repository/com/amazonaws/jmespath-java/1.11.327/jmespath-java-1.11.327.jar:/home/danton/.m2/repository/com/amazonaws/aws-java-sdk-acmpca/1.11.327/aws-java-sdk-acmpca-1.11.327.jar:/home/danton/.m2/repository/com/amazonaws/aws-java-sdk-secretsmanager/1.11.327/aws-java-sdk-secretsmanager-1.11.327.jar:/home/danton/.m2/repository/com/amazonaws/aws-java-sdk-fms/1.11.327/aws-java-sdk-fms-1.11.327.jar:/home/danton/.m2/repository/com/amazonaws/aws-java-sdk-connect/1.11.327/aws-java-sdk-connect-1.11.327.jar:/home/danton/.m2/repository/com/amazonaws/aws-java-sdk-transcribe/1.11.327/aws-java-sdk-transcribe-1.11.327.jar:/home/danton/.m2/repository/com/amazonaws/aws-java-sdk-autoscalingplans/1.11.327/aws-java-sdk-autoscalingplans-1.11.327.jar:/home/danton/.m2/repository/com/amazonaws/aws-java-sdk-workmail/1.11.327/aws-java-sdk-workmail-1.11.327.jar:/home/danton/.m2/repository/com/amazonaws/aws-java-sdk-servicediscovery/1.11.327/aws-java-sdk-servicediscovery-1.11.327.jar:/home/danton/.m2/repository/com/amazonaws/aws-java-sdk-cloud9/1.11.327/aws-java-sdk-cloud9-1.11.327.jar:/home/danton/.m2/repository/com/amazonaws/aws-java-sdk-serverlessapplicationrepository/1.11.327/aws-java-sdk-serverlessapplicationrepository-1.11.327.jar:/home/danton/.m2/repository/com/amazonaws/aws-java-sdk-alexaforbusiness/1.11.327/aws-java-sdk-alexaforbusiness-1.11.327.jar:/home/danton/.m2/repository/com/amazonaws/aws-java-sdk-resourcegroups/1.11.327/aws-java-sdk-resourcegroups-1.11.327.jar:/home/danton/.m2/repository/com/amazonaws/aws-java-sdk-comprehend/1.11.327/aws-java-sdk-comprehend-1.11.327.jar:/home/danton/.m2/repository/com/amazonaws/aws-java-sdk-translate/1.11.327/aws-java-sdk-translate-1.11.327.jar:/home/danton/.m2/repository/com/amazonaws/aws-java-sdk-sagemaker/1.11.327/aws-java-sdk-sagemaker-1.11.327.jar:/home/danton/.m2/repository/com/amazonaws/aws-java-sdk-iotjobsdataplane/1.11.327/aws-java-sdk-iotjobsdataplane-1.11.327.jar:/home/danton/.m2/repository/com/amazonaws/aws-java-sdk-sagemakerruntime/1.11.327/aws-java-sdk-sagemakerruntime-1.11.327.jar:/home/danton/.m2/repository/com/amazonaws/aws-java-sdk-kinesisvideo/1.11.327/aws-java-sdk-kinesisvideo-1.11.327.jar:/home/danton/.m2/repository/io/netty/netty-codec-http/4.1.48.Final/netty-codec-http-4.1.48.Final.jar:/home/danton/.m2/repository/io/netty/netty-common/4.1.48.Final/netty-common-4.1.48.Final.jar:/home/danton/.m2/repository/io/netty/netty-buffer/4.1.48.Final/netty-buffer-4.1.48.Final.jar:/home/danton/.m2/repository/io/netty/netty-transport/4.1.48.Final/netty-transport-4.1.48.Final.jar:/home/danton/.m2/repository/io/netty/netty-codec/4.1.48.Final/netty-codec-4.1.48.Final.jar:/home/danton/.m2/repository/io/netty/netty-handler/4.1.48.Final/netty-handler-4.1.48.Final.jar:/home/danton/.m2/repository/io/netty/netty-resolver/4.1.48.Final/netty-resolver-4.1.48.Final.jar:/home/danton/.m2/repository/com/amazonaws/aws-java-sdk-appsync/1.11.327/aws-java-sdk-appsync-1.11.327.jar:/home/danton/.m2/repository/com/amazonaws/aws-java-sdk-guardduty/1.11.327/aws-java-sdk-guardduty-1.11.327.jar:/home/danton/.m2/repository/com/amazonaws/aws-java-sdk-mq/1.11.327/aws-java-sdk-mq-1.11.327.jar:/home/danton/.m2/repository/com/amazonaws/aws-java-sdk-mediaconvert/1.11.327/aws-java-sdk-mediaconvert-1.11.327.jar:/home/danton/.m2/repository/com/amazonaws/aws-java-sdk-mediastore/1.11.327/aws-java-sdk-mediastore-1.11.327.jar:/home/danton/.m2/repository/com/amazonaws/aws-java-sdk-mediastoredata/1.11.327/aws-java-sdk-mediastoredata-1.11.327.jar:/home/danton/.m2/repository/com/amazonaws/aws-java-sdk-medialive/1.11.327/aws-java-sdk-medialive-1.11.327.jar:/home/danton/.m2/repository/com/amazonaws/aws-java-sdk-mediapackage/1.11.327/aws-java-sdk-mediapackage-1.11.327.jar:/home/danton/.m2/repository/com/amazonaws/aws-java-sdk-costexplorer/1.11.327/aws-java-sdk-costexplorer-1.11.327.jar:/home/danton/.m2/repository/com/amazonaws/aws-java-sdk-pricing/1.11.327/aws-java-sdk-pricing-1.11.327.jar:/home/danton/.m2/repository/com/amazonaws/aws-java-sdk-mobile/1.11.327/aws-java-sdk-mobile-1.11.327.jar:/home/danton/.m2/repository/com/amazonaws/aws-java-sdk-cloudhsmv2/1.11.327/aws-java-sdk-cloudhsmv2-1.11.327.jar:/home/danton/.m2/repository/com/amazonaws/aws-java-sdk-glue/1.11.327/aws-java-sdk-glue-1.11.327.jar:/home/danton/.m2/repository/com/amazonaws/aws-java-sdk-migrationhub/1.11.327/aws-java-sdk-migrationhub-1.11.327.jar:/home/danton/.m2/repository/com/amazonaws/aws-java-sdk-dax/1.11.327/aws-java-sdk-dax-1.11.327.jar:/home/danton/.m2/repository/com/amazonaws/aws-java-sdk-greengrass/1.11.327/aws-java-sdk-greengrass-1.11.327.jar:/home/danton/.m2/repository/com/amazonaws/aws-java-sdk-athena/1.11.327/aws-java-sdk-athena-1.11.327.jar:/home/danton/.m2/repository/com/amazonaws/aws-java-sdk-marketplaceentitlement/1.11.327/aws-java-sdk-marketplaceentitlement-1.11.327.jar:/home/danton/.m2/repository/com/amazonaws/aws-java-sdk-codestar/1.11.327/aws-java-sdk-codestar-1.11.327.jar:/home/danton/.m2/repository/com/amazonaws/aws-java-sdk-lexmodelbuilding/1.11.327/aws-java-sdk-lexmodelbuilding-1.11.327.jar:/home/danton/.m2/repository/com/amazonaws/aws-java-sdk-resourcegroupstaggingapi/1.11.327/aws-java-sdk-resourcegroupstaggingapi-1.11.327.jar:/home/danton/.m2/repository/com/amazonaws/aws-java-sdk-pinpoint/1.11.327/aws-java-sdk-pinpoint-1.11.327.jar:/home/danton/.m2/repository/com/amazonaws/aws-java-sdk-xray/1.11.327/aws-java-sdk-xray-1.11.327.jar:/home/danton/.m2/repository/com/amazonaws/aws-java-sdk-opsworkscm/1.11.327/aws-java-sdk-opsworkscm-1.11.327.jar:/home/danton/.m2/repository/com/amazonaws/aws-java-sdk-support/1.11.327/aws-java-sdk-support-1.11.327.jar:/home/danton/.m2/repository/com/amazonaws/aws-java-sdk-simpledb/1.11.327/aws-java-sdk-simpledb-1.11.327.jar:/home/danton/.m2/repository/com/amazonaws/aws-java-sdk-servicecatalog/1.11.327/aws-java-sdk-servicecatalog-1.11.327.jar:/home/danton/.m2/repository/com/amazonaws/aws-java-sdk-servermigration/1.11.327/aws-java-sdk-servermigration-1.11.327.jar:/home/danton/.m2/repository/com/amazonaws/aws-java-sdk-simpleworkflow/1.11.327/aws-java-sdk-simpleworkflow-1.11.327.jar:/home/danton/.m2/repository/com/amazonaws/aws-java-sdk-storagegateway/1.11.327/aws-java-sdk-storagegateway-1.11.327.jar:/home/danton/.m2/repository/com/amazonaws/aws-java-sdk-route53/1.11.327/aws-java-sdk-route53-1.11.327.jar:/home/danton/.m2/repository/com/amazonaws/aws-java-sdk-s3/1.11.327/aws-java-sdk-s3-1.11.327.jar:/home/danton/.m2/repository/com/amazonaws/aws-java-sdk-importexport/1.11.327/aws-java-sdk-importexport-1.11.327.jar:/home/danton/.m2/repository/com/amazonaws/aws-java-sdk-sts/1.11.327/aws-java-sdk-sts-1.11.327.jar:/home/danton/.m2/repository/com/amazonaws/aws-java-sdk-sqs/1.11.327/aws-java-sdk-sqs-1.11.327.jar:/home/danton/.m2/repository/com/amazonaws/aws-java-sdk-rds/1.11.327/aws-java-sdk-rds-1.11.327.jar:/home/danton/.m2/repository/com/amazonaws/aws-java-sdk-redshift/1.11.327/aws-java-sdk-redshift-1.11.327.jar:/home/danton/.m2/repository/com/amazonaws/aws-java-sdk-elasticbeanstalk/1.11.327/aws-java-sdk-elasticbeanstalk-1.11.327.jar:/home/danton/.m2/repository/com/amazonaws/aws-java-sdk-glacier/1.11.327/aws-java-sdk-glacier-1.11.327.jar:/home/danton/.m2/repository/com/amazonaws/aws-java-sdk-iam/1.11.327/aws-java-sdk-iam-1.11.327.jar:/home/danton/.m2/repository/com/amazonaws/aws-java-sdk-datapipeline/1.11.327/aws-java-sdk-datapipeline-1.11.327.jar:/home/danton/.m2/repository/com/amazonaws/aws-java-sdk-elasticloadbalancing/1.11.327/aws-java-sdk-elasticloadbalancing-1.11.327.jar:/home/danton/.m2/repository/com/amazonaws/aws-java-sdk-elasticloadbalancingv2/1.11.327/aws-java-sdk-elasticloadbalancingv2-1.11.327.jar:/home/danton/.m2/repository/com/amazonaws/aws-java-sdk-emr/1.11.327/aws-java-sdk-emr-1.11.327.jar:/home/danton/.m2/repository/com/amazonaws/aws-java-sdk-elasticache/1.11.327/aws-java-sdk-elasticache-1.11.327.jar:/home/danton/.m2/repository/com/amazonaws/aws-java-sdk-elastictranscoder/1.11.327/aws-java-sdk-elastictranscoder-1.11.327.jar:/home/danton/.m2/repository/com/amazonaws/aws-java-sdk-ec2/1.11.327/aws-java-sdk-ec2-1.11.327.jar:/home/danton/.m2/repository/com/amazonaws/aws-java-sdk-dynamodb/1.11.327/aws-java-sdk-dynamodb-1.11.327.jar:/home/danton/.m2/repository/com/amazonaws/aws-java-sdk-sns/1.11.327/aws-java-sdk-sns-1.11.327.jar:/home/danton/.m2/repository/com/amazonaws/aws-java-sdk-budgets/1.11.327/aws-java-sdk-budgets-1.11.327.jar:/home/danton/.m2/repository/com/amazonaws/aws-java-sdk-cloudtrail/1.11.327/aws-java-sdk-cloudtrail-1.11.327.jar:/home/danton/.m2/repository/com/amazonaws/aws-java-sdk-cloudwatch/1.11.327/aws-java-sdk-cloudwatch-1.11.327.jar:/home/danton/.m2/repository/com/amazonaws/aws-java-sdk-logs/1.11.327/aws-java-sdk-logs-1.11.327.jar:/home/danton/.m2/repository/com/amazonaws/aws-java-sdk-events/1.11.327/aws-java-sdk-events-1.11.327.jar:/home/danton/.m2/repository/com/amazonaws/aws-java-sdk-cognitoidentity/1.11.327/aws-java-sdk-cognitoidentity-1.11.327.jar:/home/danton/.m2/repository/com/amazonaws/aws-java-sdk-cognitosync/1.11.327/aws-java-sdk-cognitosync-1.11.327.jar:/home/danton/.m2/repository/com/amazonaws/aws-java-sdk-directconnect/1.11.327/aws-java-sdk-directconnect-1.11.327.jar:/home/danton/.m2/repository/com/amazonaws/aws-java-sdk-cloudformation/1.11.327/aws-java-sdk-cloudformation-1.11.327.jar:/home/danton/.m2/repository/com/amazonaws/aws-java-sdk-cloudfront/1.11.327/aws-java-sdk-cloudfront-1.11.327.jar:/home/danton/.m2/repository/com/amazonaws/aws-java-sdk-clouddirectory/1.11.327/aws-java-sdk-clouddirectory-1.11.327.jar:/home/danton/.m2/repository/com/amazonaws/aws-java-sdk-kinesis/1.11.327/aws-java-sdk-kinesis-1.11.327.jar:/home/danton/.m2/repository/com/amazonaws/aws-java-sdk-opsworks/1.11.327/aws-java-sdk-opsworks-1.11.327.jar:/home/danton/.m2/repository/com/amazonaws/aws-java-sdk-ses/1.11.327/aws-java-sdk-ses-1.11.327.jar:/home/danton/.m2/repository/com/amazonaws/aws-java-sdk-autoscaling/1.11.327/aws-java-sdk-autoscaling-1.11.327.jar:/home/danton/.m2/repository/com/amazonaws/aws-java-sdk-cloudsearch/1.11.327/aws-java-sdk-cloudsearch-1.11.327.jar:/home/danton/.m2/repository/com/amazonaws/aws-java-sdk-cloudwatchmetrics/1.11.327/aws-java-sdk-cloudwatchmetrics-1.11.327.jar:/home/danton/.m2/repository/com/amazonaws/aws-java-sdk-codedeploy/1.11.327/aws-java-sdk-codedeploy-1.11.327.jar:/home/danton/.m2/repository/com/amazonaws/aws-java-sdk-codepipeline/1.11.327/aws-java-sdk-codepipeline-1.11.327.jar:/home/danton/.m2/repository/com/amazonaws/aws-java-sdk-kms/1.11.327/aws-java-sdk-kms-1.11.327.jar:/home/danton/.m2/repository/com/amazonaws/aws-java-sdk-config/1.11.327/aws-java-sdk-config-1.11.327.jar:/home/danton/.m2/repository/com/amazonaws/aws-java-sdk-lambda/1.11.327/aws-java-sdk-lambda-1.11.327.jar:/home/danton/.m2/repository/com/amazonaws/aws-java-sdk-ecs/1.11.327/aws-java-sdk-ecs-1.11.327.jar:/home/danton/.m2/repository/com/amazonaws/aws-java-sdk-ecr/1.11.327/aws-java-sdk-ecr-1.11.327.jar:/home/danton/.m2/repository/com/amazonaws/aws-java-sdk-cloudhsm/1.11.327/aws-java-sdk-cloudhsm-1.11.327.jar:/home/danton/.m2/repository/com/amazonaws/aws-java-sdk-ssm/1.11.327/aws-java-sdk-ssm-1.11.327.jar:/home/danton/.m2/repository/com/amazonaws/aws-java-sdk-workspaces/1.11.327/aws-java-sdk-workspaces-1.11.327.jar:/home/danton/.m2/repository/com/amazonaws/aws-java-sdk-machinelearning/1.11.327/aws-java-sdk-machinelearning-1.11.327.jar:/home/danton/.m2/repository/com/amazonaws/aws-java-sdk-directory/1.11.327/aws-java-sdk-directory-1.11.327.jar:/home/danton/.m2/repository/com/amazonaws/aws-java-sdk-efs/1.11.327/aws-java-sdk-efs-1.11.327.jar:/home/danton/.m2/repository/com/amazonaws/aws-java-sdk-codecommit/1.11.327/aws-java-sdk-codecommit-1.11.327.jar:/home/danton/.m2/repository/com/amazonaws/aws-java-sdk-devicefarm/1.11.327/aws-java-sdk-devicefarm-1.11.327.jar:/home/danton/.m2/repository/com/amazonaws/aws-java-sdk-elasticsearch/1.11.327/aws-java-sdk-elasticsearch-1.11.327.jar:/home/danton/.m2/repository/com/amazonaws/aws-java-sdk-waf/1.11.327/aws-java-sdk-waf-1.11.327.jar:/home/danton/.m2/repository/com/amazonaws/aws-java-sdk-marketplacecommerceanalytics/1.11.327/aws-java-sdk-marketplacecommerceanalytics-1.11.327.jar:/home/danton/.m2/repository/com/amazonaws/aws-java-sdk-inspector/1.11.327/aws-java-sdk-inspector-1.11.327.jar:/home/danton/.m2/repository/com/amazonaws/aws-java-sdk-iot/1.11.327/aws-java-sdk-iot-1.11.327.jar:/home/danton/.m2/repository/com/amazonaws/aws-java-sdk-api-gateway/1.11.327/aws-java-sdk-api-gateway-1.11.327.jar:/home/danton/.m2/repository/com/amazonaws/aws-java-sdk-acm/1.11.327/aws-java-sdk-acm-1.11.327.jar:/home/danton/.m2/repository/com/amazonaws/aws-java-sdk-gamelift/1.11.327/aws-java-sdk-gamelift-1.11.327.jar:/home/danton/.m2/repository/com/amazonaws/aws-java-sdk-dms/1.11.327/aws-java-sdk-dms-1.11.327.jar:/home/danton/.m2/repository/com/amazonaws/aws-java-sdk-marketplacemeteringservice/1.11.327/aws-java-sdk-marketplacemeteringservice-1.11.327.jar:/home/danton/.m2/repository/com/amazonaws/aws-java-sdk-cognitoidp/1.11.327/aws-java-sdk-cognitoidp-1.11.327.jar:/home/danton/.m2/repository/com/amazonaws/aws-java-sdk-discovery/1.11.327/aws-java-sdk-discovery-1.11.327.jar:/home/danton/.m2/repository/com/amazonaws/aws-java-sdk-applicationautoscaling/1.11.327/aws-java-sdk-applicationautoscaling-1.11.327.jar:/home/danton/.m2/repository/com/amazonaws/aws-java-sdk-snowball/1.11.327/aws-java-sdk-snowball-1.11.327.jar:/home/danton/.m2/repository/com/amazonaws/aws-java-sdk-rekognition/1.11.327/aws-java-sdk-rekognition-1.11.327.jar:/home/danton/.m2/repository/com/amazonaws/aws-java-sdk-polly/1.11.327/aws-java-sdk-polly-1.11.327.jar:/home/danton/.m2/repository/com/amazonaws/aws-java-sdk-lightsail/1.11.327/aws-java-sdk-lightsail-1.11.327.jar:/home/danton/.m2/repository/com/amazonaws/aws-java-sdk-stepfunctions/1.11.327/aws-java-sdk-stepfunctions-1.11.327.jar:/home/danton/.m2/repository/com/amazonaws/aws-java-sdk-health/1.11.327/aws-java-sdk-health-1.11.327.jar:/home/danton/.m2/repository/com/amazonaws/aws-java-sdk-costandusagereport/1.11.327/aws-java-sdk-costandusagereport-1.11.327.jar:/home/danton/.m2/repository/com/amazonaws/aws-java-sdk-codebuild/1.11.327/aws-java-sdk-codebuild-1.11.327.jar:/home/danton/.m2/repository/com/amazonaws/aws-java-sdk-appstream/1.11.327/aws-java-sdk-appstream-1.11.327.jar:/home/danton/.m2/repository/com/amazonaws/aws-java-sdk-shield/1.11.327/aws-java-sdk-shield-1.11.327.jar:/home/danton/.m2/repository/com/amazonaws/aws-java-sdk-batch/1.11.327/aws-java-sdk-batch-1.11.327.jar:/home/danton/.m2/repository/com/amazonaws/aws-java-sdk-lex/1.11.327/aws-java-sdk-lex-1.11.327.jar:/home/danton/.m2/repository/com/amazonaws/aws-java-sdk-mechanicalturkrequester/1.11.327/aws-java-sdk-mechanicalturkrequester-1.11.327.jar:/home/danton/.m2/repository/com/amazonaws/aws-java-sdk-organizations/1.11.327/aws-java-sdk-organizations-1.11.327.jar:/home/danton/.m2/repository/com/amazonaws/aws-java-sdk-workdocs/1.11.327/aws-java-sdk-workdocs-1.11.327.jar:/home/danton/.m2/repository/com/amazonaws/aws-java-sdk-core/1.11.327/aws-java-sdk-core-1.11.327.jar:/home/danton/.m2/repository/commons-logging/commons-logging/1.1.3/commons-logging-1.1.3.jar:/home/danton/.m2/repository/software/amazon/ion/ion-java/1.0.2/ion-java-1.0.2.jar:/home/danton/.m2/repository/com/fasterxml/jackson/dataformat/jackson-dataformat-cbor/2.10.3/jackson-dataformat-cbor-2.10.3.jar:/home/danton/.m2/repository/joda-time/joda-time/2.10.5/joda-time-2.10.5.jar:/home/danton/.m2/repository/com/amazonaws/aws-java-sdk-models/1.11.327/aws-java-sdk-models-1.11.327.jar:/home/danton/.m2/repository/com/amazonaws/aws-java-sdk-swf-libraries/1.11.22/aws-java-sdk-swf-libraries-1.11.22.jar:/home/danton/.m2/repository/org/apache/maven/plugins/maven-surefire-plugin/2.18.1/maven-surefire-plugin-2.18.1.jar:/home/danton/.m2/repository/org/apache/maven/maven-plugin-api/2.2.1/maven-plugin-api-2.2.1.jar:/home/danton/.m2/repository/org/apache/maven/surefire/maven-surefire-common/2.18.1/maven-surefire-common-2.18.1.jar:/home/danton/.m2/repository/org/apache/maven/surefire/surefire-booter/2.18.1/surefire-booter-2.18.1.jar:/home/danton/.m2/repository/org/apache/maven/maven-artifact/2.2.1/maven-artifact-2.2.1.jar:/home/danton/.m2/repository/org/codehaus/plexus/plexus-utils/1.5.15/plexus-utils-1.5.15.jar:/home/danton/.m2/repository/org/apache/maven/maven-plugin-descriptor/2.2.1/maven-plugin-descriptor-2.2.1.jar:/home/danton/.m2/repository/org/codehaus/plexus/plexus-container-default/1.0-alpha-9-stable-1/plexus-container-default-1.0-alpha-9-stable-1.jar:/home/danton/.m2/repository/org/apache/maven/maven-project/2.2.1/maven-project-2.2.1.jar:/home/danton/.m2/repository/org/apache/maven/maven-settings/2.2.1/maven-settings-2.2.1.jar:/home/danton/.m2/repository/org/apache/maven/maven-profile/2.2.1/maven-profile-2.2.1.jar:/home/danton/.m2/repository/org/apache/maven/maven-artifact-manager/2.2.1/maven-artifact-manager-2.2.1.jar:/home/danton/.m2/repository/backport-util-concurrent/backport-util-concurrent/3.1/backport-util-concurrent-3.1.jar:/home/danton/.m2/repository/org/apache/maven/maven-plugin-registry/2.2.1/maven-plugin-registry-2.2.1.jar:/home/danton/.m2/repository/org/codehaus/plexus/plexus-interpolation/1.11/plexus-interpolation-1.11.jar:/home/danton/.m2/repository/org/apache/maven/maven-model/2.2.1/maven-model-2.2.1.jar:/home/danton/.m2/repository/org/apache/maven/maven-core/2.2.1/maven-core-2.2.1.jar:/home/danton/.m2/repository/org/apache/maven/maven-plugin-parameter-documenter/2.2.1/maven-plugin-parameter-documenter-2.2.1.jar:/home/danton/.m2/repository/org/apache/maven/wagon/wagon-http/1.0-beta-6/wagon-http-1.0-beta-6.jar:/home/danton/.m2/repository/org/apache/maven/wagon/wagon-http-shared/1.0-beta-6/wagon-http-shared-1.0-beta-6.jar:/home/danton/.m2/repository/nekohtml/xercesMinimal/1.9.6.2/xercesMinimal-1.9.6.2.jar:/home/danton/.m2/repository/nekohtml/nekohtml/1.9.6.2/nekohtml-1.9.6.2.jar:/home/danton/.m2/repository/commons-httpclient/commons-httpclient/3.1/commons-httpclient-3.1.jar:/home/danton/.m2/repository/org/apache/maven/wagon/wagon-webdav-jackrabbit/1.0-beta-6/wagon-webdav-jackrabbit-1.0-beta-6.jar:/home/danton/.m2/repository/org/apache/jackrabbit/jackrabbit-webdav/1.5.0/jackrabbit-webdav-1.5.0.jar:/home/danton/.m2/repository/org/apache/jackrabbit/jackrabbit-jcr-commons/1.5.0/jackrabbit-jcr-commons-1.5.0.jar:/home/danton/.m2/repository/org/slf4j/slf4j-nop/1.7.30/slf4j-nop-1.7.30.jar:/home/danton/.m2/repository/org/slf4j/slf4j-jdk14/1.7.30/slf4j-jdk14-1.7.30.jar:/home/danton/.m2/repository/org/slf4j/jcl-over-slf4j/1.7.30/jcl-over-slf4j-1.7.30.jar:/home/danton/.m2/repository/org/apache/maven/reporting/maven-reporting-api/2.2.1/maven-reporting-api-2.2.1.jar:/home/danton/.m2/repository/org/apache/maven/doxia/doxia-logging-api/1.1/doxia-logging-api-1.1.jar:/home/danton/.m2/repository/org/apache/maven/wagon/wagon-provider-api/1.0-beta-6/wagon-provider-api-1.0-beta-6.jar:/home/danton/.m2/repository/org/apache/maven/maven-repository-metadata/2.2.1/maven-repository-metadata-2.2.1.jar:/home/danton/.m2/repository/org/apache/maven/maven-error-diagnostics/2.2.1/maven-error-diagnostics-2.2.1.jar:/home/danton/.m2/repository/org/apache/maven/maven-monitor/2.2.1/maven-monitor-2.2.1.jar:/home/danton/.m2/repository/classworlds/classworlds/1.1/classworlds-1.1.jar:/home/danton/.m2/repository/org/sonatype/plexus/plexus-sec-dispatcher/1.3/plexus-sec-dispatcher-1.3.jar:/home/danton/.m2/repository/org/sonatype/plexus/plexus-cipher/1.4/plexus-cipher-1.4.jar:/home/danton/.m2/repository/org/apache/commons/commons-lang3/3.9/commons-lang3-3.9.jar:/home/danton/.m2/repository/org/apache/maven/surefire/surefire-api/2.18.1/surefire-api-2.18.1.jar:/home/danton/.m2/repository/org/apache/maven/maven-toolchain/2.2.1/maven-toolchain-2.2.1.jar:/home/danton/.m2/repository/org/apache/maven/plugin-tools/maven-plugin-annotations/3.3/maven-plugin-annotations-3.3.jar:"/>
    <property name="sun.cpu.endian" value="little"/>
    <property name="user.home" value="/home/danton"/>
    <property name="user.language" value="pt"/>
    <property name="java.specification.vendor" value="Oracle Corporation"/>
    <property name="java.version.date" value="2020-07-14"/>
    <property name="java.home" value="/usr/lib/jvm/java-11-openjdk-amd64"/>
    <property name="file.separator" value="/"/>
    <property name="basedir" value="/home/danton/workspace/Lead_Sponge.IO/BackEnd/LeadSponge.IO"/>
    <property name="java.vm.compressedOopsMode" value="32-bit"/>
    <property name="line.separator" value="&#10;"/>
    <property name="java.specification.name" value="Java Platform API Specification"/>
    <property name="java.vm.specification.vendor" value="Oracle Corporation"/>
    <property name="java.awt.graphicsenv" value="sun.awt.X11GraphicsEnvironment"/>
    <property name="surefire.real.class.path" value="/home/danton/workspace/Lead_Sponge.IO/BackEnd/LeadSponge.IO/target/surefire/surefirebooter2174297365637400329.jar"/>
    <property name="sun.management.compiler" value="HotSpot 64-Bit Tiered Compilers"/>
    <property name="java.runtime.version" value="11.0.8+10-post-Ubuntu-0ubuntu120.04"/>
    <property name="user.name" value="danton"/>
    <property name="path.separator" value=":"/>
    <property name="os.version" value="5.4.0-47-generic"/>
    <property name="java.runtime.name" value="OpenJDK Runtime Environment"/>
    <property name="file.encoding" value="UTF-8"/>
    <property name="java.vm.name" value="OpenJDK 64-Bit Server VM"/>
    <property name="localRepository" value="/home/danton/.m2/repository"/>
    <property name="java.vendor.url.bug" value="https://bugs.launchpad.net/ubuntu/+source/openjdk-lts"/>
    <property name="java.io.tmpdir" value="/tmp"/>
    <property name="java.version" value="11.0.8"/>
    <property name="user.dir" value="/home/danton/workspace/Lead_Sponge.IO/BackEnd/LeadSponge.IO"/>
    <property name="os.arch" value="amd64"/>
    <property name="java.vm.specification.name" value="Java Virtual Machine Specification"/>
    <property name="java.awt.printerjob" value="sun.print.PSPrinterJob"/>
    <property name="sun.os.patch.level" value="unknown"/>
    <property name="java.library.path" value="/usr/java/packages/lib:/usr/lib/x86_64-linux-gnu/jni:/lib/x86_64-linux-gnu:/usr/lib/x86_64-linux-gnu:/usr/lib/jni:/lib:/usr/lib"/>
    <property name="java.vm.info" value="mixed mode, sharing"/>
    <property name="java.vendor" value="Ubuntu"/>
    <property name="java.vm.version" value="11.0.8+10-post-Ubuntu-0ubuntu120.04"/>
    <property name="sun.io.unicode.encoding" value="UnicodeLittle"/>
    <property name="java.class.version" value="55.0"/>
  </properties>
  <testcase name="contextLoads" classname="com.leadsponge.leadsponge.IO.ApplicationTests" time="0.007">
    <error message="Failed to load ApplicationContext" type="java.lang.IllegalStateException">java.lang.IllegalStateException: Failed to load ApplicationContext
Caused by: java.lang.IllegalStateException: Failed to execute CommandLineRunner
Caused by: org.springframework.dao.DataIntegrityViolationException: could not execute statement; SQL [n/a]; constraint [roles.UK7xq7p7jlaaotwefc21s2ecs55]; nested exception is org.hibernate.exception.ConstraintViolationException: could not execute statement
Caused by: org.hibernate.exception.ConstraintViolationException: could not execute statement
Caused by: java.sql.SQLIntegrityConstraintViolationException: Duplicate entry 'CADASTRAR_USUARIO' for key 'roles.UK7xq7p7jlaaotwefc21s2ecs55'
</error>
    <system-out><![CDATA[21:38:08.282 [main] DEBUG org.springframework.test.context.BootstrapUtils - Instantiating CacheAwareContextLoaderDelegate from class [org.springframework.test.context.cache.DefaultCacheAwareContextLoaderDelegate]
21:38:08.316 [main] DEBUG org.springframework.test.context.BootstrapUtils - Instantiating BootstrapContext using constructor [public org.springframework.test.context.support.DefaultBootstrapContext(java.lang.Class,org.springframework.test.context.CacheAwareContextLoaderDelegate)]
21:38:08.394 [main] DEBUG org.springframework.test.context.BootstrapUtils - Instantiating TestContextBootstrapper for test class [com.leadsponge.leadsponge.IO.ApplicationTests] from class [org.springframework.boot.test.context.SpringBootTestContextBootstrapper]
21:38:08.527 [main] DEBUG org.springframework.test.context.support.AbstractContextLoader - Did not detect default resource location for test class [com.leadsponge.leadsponge.IO.ApplicationTests]: class path resource [com/leadsponge/leadsponge/IO/ApplicationTests-context.xml] does not exist
21:38:08.529 [main] DEBUG org.springframework.test.context.support.AbstractContextLoader - Did not detect default resource location for test class [com.leadsponge.leadsponge.IO.ApplicationTests]: class path resource [com/leadsponge/leadsponge/IO/ApplicationTestsContext.groovy] does not exist
21:38:08.529 [main] INFO org.springframework.test.context.support.AbstractContextLoader - Could not detect default resource locations for test class [com.leadsponge.leadsponge.IO.ApplicationTests]: no resource found for suffixes {-context.xml, Context.groovy}.
21:38:08.647 [main] DEBUG org.springframework.test.context.support.ActiveProfilesUtils - Could not find an 'annotation declaring class' for annotation type [org.springframework.test.context.ActiveProfiles] and class [com.leadsponge.leadsponge.IO.ApplicationTests]
21:38:08.849 [main] DEBUG org.springframework.boot.test.context.SpringBootTestContextBootstrapper - @TestExecutionListeners is not present for class [com.leadsponge.leadsponge.IO.ApplicationTests]: using defaults.
21:38:08.850 [main] INFO org.springframework.boot.test.context.SpringBootTestContextBootstrapper - Loaded default TestExecutionListener class names from location [META-INF/spring.factories]: [org.springframework.boot.test.mock.mockito.MockitoTestExecutionListener, org.springframework.boot.test.mock.mockito.ResetMocksTestExecutionListener, org.springframework.boot.test.autoconfigure.restdocs.RestDocsTestExecutionListener, org.springframework.boot.test.autoconfigure.web.client.MockRestServiceServerResetTestExecutionListener, org.springframework.boot.test.autoconfigure.web.servlet.MockMvcPrintOnlyOnFailureTestExecutionListener, org.springframework.boot.test.autoconfigure.web.servlet.WebDriverTestExecutionListener, org.springframework.test.context.web.ServletTestExecutionListener, org.springframework.test.context.support.DirtiesContextBeforeModesTestExecutionListener, org.springframework.test.context.support.DependencyInjectionTestExecutionListener, org.springframework.test.context.support.DirtiesContextTestExecutionListener, org.springframework.test.context.transaction.TransactionalTestExecutionListener, org.springframework.test.context.jdbc.SqlScriptsTestExecutionListener, org.springframework.test.context.event.EventPublishingTestExecutionListener]
21:38:08.874 [main] INFO org.springframework.boot.test.context.SpringBootTestContextBootstrapper - Using TestExecutionListeners: [org.springframework.test.context.web.ServletTestExecutionListener@21a21c64, org.springframework.test.context.support.DirtiesContextBeforeModesTestExecutionListener@7803bfd, org.springframework.boot.test.mock.mockito.MockitoTestExecutionListener@42bc14c1, org.springframework.boot.test.autoconfigure.SpringBootDependencyInjectionTestExecutionListener@531f4093, org.springframework.test.context.support.DirtiesContextTestExecutionListener@62ef27a8, org.springframework.test.context.transaction.TransactionalTestExecutionListener@6436a7db, org.springframework.test.context.jdbc.SqlScriptsTestExecutionListener@460ebd80, org.springframework.test.context.event.EventPublishingTestExecutionListener@6f3c660a, org.springframework.boot.test.mock.mockito.ResetMocksTestExecutionListener@74f5ce22, org.springframework.boot.test.autoconfigure.restdocs.RestDocsTestExecutionListener@25aca718, org.springframework.boot.test.autoconfigure.web.client.MockRestServiceServerResetTestExecutionListener@16fdec90, org.springframework.boot.test.autoconfigure.web.servlet.MockMvcPrintOnlyOnFailureTestExecutionListener@1afdd473, org.springframework.boot.test.autoconfigure.web.servlet.WebDriverTestExecutionListener@40238dd0]
21:38:08.881 [main] DEBUG org.springframework.test.context.support.AbstractDirtiesContextTestExecutionListener - Before test class: context [DefaultTestContext@4b1d6571 testClass = ApplicationTests, testInstance = [null], testMethod = [null], testException = [null], mergedContextConfiguration = [WebMergedContextConfiguration@1b835480 testClass = ApplicationTests, locations = '{}', classes = '{class com.leadsponge.IO.LeadSpongeApiApplication, class com.leadsponge.IO.LeadSpongeApiApplication}', contextInitializerClasses = '[]', activeProfiles = '{}', propertySourceLocations = '{}', propertySourceProperties = '{org.springframework.boot.test.context.SpringBootTestContextBootstrapper=true}', contextCustomizers = set[org.springframework.boot.test.context.filter.ExcludeFilterContextCustomizer@17fc391b, org.springframework.boot.test.json.DuplicateJsonObjectContextCustomizerFactory$DuplicateJsonObjectContextCustomizer@359df09a, org.springframework.boot.test.mock.mockito.MockitoContextCustomizer@0, org.springframework.boot.test.web.client.TestRestTemplateContextCustomizer@4a8355dd, org.springframework.boot.test.autoconfigure.properties.PropertyMappingContextCustomizer@0, org.springframework.boot.test.autoconfigure.web.servlet.WebDriverContextCustomizerFactory$Customizer@15a34df2], resourceBasePath = 'src/main/webapp', contextLoader = 'org.springframework.boot.test.context.SpringBootContextLoader', parent = [null]], attributes = map['org.springframework.test.context.web.ServletTestExecutionListener.activateListener' -> true]], class annotated with @DirtiesContext [false] with mode [null].
21:38:08.940 [main] DEBUG org.springframework.test.context.support.TestPropertySourceUtils - Adding inlined properties to environment: {spring.jmx.enabled=false, org.springframework.boot.test.context.SpringBootTestContextBootstrapper=true, server.port=-1}

  .   ____          _            __ _ _
 /\\ / ___'_ __ _ _(_)_ __  __ _ \ \ \ \
( ( )\___ | '_ | '_| | '_ \/ _` | \ \ \ \
 \\/  ___)| |_)| | | | | || (_| |  ) ) ) )
  '  |____| .__|_| |_|_| |_\__, | / / / /
 =========|_|==============|___/=/_/_/_/
 :: Spring Boot ::        (v2.2.6.RELEASE)

2020-09-11 21:38:09.478  INFO 10009 --- [           main] c.l.leadsponge.IO.ApplicationTests       : Starting ApplicationTests on danton-Aspire-V5-471 with PID 10009 (started by danton in /home/danton/workspace/Lead_Sponge.IO/BackEnd/LeadSponge.IO)
2020-09-11 21:38:09.480  INFO 10009 --- [           main] c.l.leadsponge.IO.ApplicationTests       : The following profiles are active: oauth-security
2020-09-11 21:38:11.391  INFO 10009 --- [           main] .s.d.r.c.RepositoryConfigurationDelegate : Bootstrapping Spring Data JPA repositories in DEFAULT mode.
2020-09-11 21:38:11.660  INFO 10009 --- [           main] .s.d.r.c.RepositoryConfigurationDelegate : Finished Spring Data repository scanning in 256ms. Found 16 JPA repository interfaces.
2020-09-11 21:38:12.591  INFO 10009 --- [           main] trationDelegate$BeanPostProcessorChecker : Bean 'org.springframework.security.config.annotation.configuration.ObjectPostProcessorConfiguration' of type [org.springframework.security.config.annotation.configuration.ObjectPostProcessorConfiguration] is not eligible for getting processed by all BeanPostProcessors (for example: not eligible for auto-proxying)
2020-09-11 21:38:12.612  INFO 10009 --- [           main] trationDelegate$BeanPostProcessorChecker : Bean 'objectPostProcessor' of type [org.springframework.security.config.annotation.configuration.AutowireBeanFactoryObjectPostProcessor] is not eligible for getting processed by all BeanPostProcessors (for example: not eligible for auto-proxying)
2020-09-11 21:38:12.621  INFO 10009 --- [           main] trationDelegate$BeanPostProcessorChecker : Bean 'org.springframework.security.access.expression.method.DefaultMethodSecurityExpressionHandler@fd413fb' of type [org.springframework.security.oauth2.provider.expression.OAuth2MethodSecurityExpressionHandler] is not eligible for getting processed by all BeanPostProcessors (for example: not eligible for auto-proxying)
2020-09-11 21:38:12.720  INFO 10009 --- [           main] trationDelegate$BeanPostProcessorChecker : Bean 'leadsponge-com.leadsponge.IO.config.property.LeadSpongeApiProperty' of type [com.leadsponge.IO.config.property.LeadSpongeApiProperty] is not eligible for getting processed by all BeanPostProcessors (for example: not eligible for auto-proxying)
2020-09-11 21:38:12.722  INFO 10009 --- [           main] trationDelegate$BeanPostProcessorChecker : Bean 'resourceServerConfig' of type [com.leadsponge.IO.config.ResourceServerConfig$$EnhancerBySpringCGLIB$$a229eab2] is not eligible for getting processed by all BeanPostProcessors (for example: not eligible for auto-proxying)
2020-09-11 21:38:12.745  INFO 10009 --- [           main] trationDelegate$BeanPostProcessorChecker : Bean 'createExpressionHandler' of type [org.springframework.security.oauth2.provider.expression.OAuth2MethodSecurityExpressionHandler] is not eligible for getting processed by all BeanPostProcessors (for example: not eligible for auto-proxying)
2020-09-11 21:38:12.747  INFO 10009 --- [           main] trationDelegate$BeanPostProcessorChecker : Bean 'org.springframework.security.config.annotation.method.configuration.GlobalMethodSecurityConfiguration' of type [org.springframework.security.config.annotation.method.configuration.GlobalMethodSecurityConfiguration] is not eligible for getting processed by all BeanPostProcessors (for example: not eligible for auto-proxying)
2020-09-11 21:38:12.811  INFO 10009 --- [           main] trationDelegate$BeanPostProcessorChecker : Bean 'methodSecurityMetadataSource' of type [org.springframework.security.access.method.DelegatingMethodSecurityMetadataSource] is not eligible for getting processed by all BeanPostProcessors (for example: not eligible for auto-proxying)
2020-09-11 21:38:13.268  INFO 10009 --- [           main] o.hibernate.jpa.internal.util.LogHelper  : HHH000204: Processing PersistenceUnitInfo [name: default]
2020-09-11 21:38:13.426  INFO 10009 --- [           main] org.hibernate.Version                    : HHH000412: Hibernate ORM core version 5.4.12.Final
2020-09-11 21:38:13.749  INFO 10009 --- [           main] o.hibernate.annotations.common.Version   : HCANN000001: Hibernate Commons Annotations {5.1.0.Final}
2020-09-11 21:38:14.135  INFO 10009 --- [           main] org.hibernate.dialect.Dialect            : HHH000400: Using dialect: org.hibernate.dialect.MySQL8Dialect
2020-09-11 21:38:15.974  WARN 10009 --- [           main] o.h.metamodel.internal.MetadataContext   : HHH015011: Unable to locate static metamodel field : com.leadsponge.IO.models.usuario.Usuario_#urlFoto; this may or may not indicate a problem with the static metamodel
2020-09-11 21:38:15.974  WARN 10009 --- [           main] o.h.metamodel.internal.MetadataContext   : HHH015011: Unable to locate static metamodel field : com.leadsponge.IO.models.usuario.Usuario_#foto; this may or may not indicate a problem with the static metamodel
2020-09-11 21:38:16.270  INFO 10009 --- [           main] o.h.e.t.j.p.i.JtaPlatformInitiator       : HHH000490: Using JtaPlatform implementation: [org.hibernate.engine.transaction.jta.platform.internal.NoJtaPlatform]
2020-09-11 21:38:16.279  INFO 10009 --- [           main] j.LocalContainerEntityManagerFactoryBean : Initialized JPA EntityManagerFactory for persistence unit 'default'
2020-09-11 21:38:18.697  WARN 10009 --- [           main] o.s.s.o.p.t.s.JwtAccessTokenConverter    : Unable to create an RSA verifier from verifierKey (ignoreable if using MAC)
2020-09-11 21:38:19.433  INFO 10009 --- [           main] o.s.s.web.DefaultSecurityFilterChain     : Creating filter chain: OrRequestMatcher [requestMatchers=[Ant [pattern='/oauth/token'], Ant [pattern='/oauth/token_key'], Ant [pattern='/oauth/check_token']]], [org.springframework.security.web.context.request.async.WebAsyncManagerIntegrationFilter@7e092ca, org.springframework.security.web.context.SecurityContextPersistenceFilter@12f32f99, org.springframework.security.web.header.HeaderWriterFilter@6a25c9ad, org.springframework.security.web.authentication.logout.LogoutFilter@684a34f4, org.springframework.web.filter.CorsFilter@4d1f168, org.springframework.security.web.authentication.www.BasicAuthenticationFilter@62109320, org.springframework.security.web.savedrequest.RequestCacheAwareFilter@18918ab9, org.springframework.security.web.servletapi.SecurityContextHolderAwareRequestFilter@5fa0943d, org.springframework.security.web.authentication.AnonymousAuthenticationFilter@7ae97a58, org.springframework.security.web.session.SessionManagementFilter@60147536, org.springframework.security.web.access.ExceptionTranslationFilter@4f93303f, org.springframework.security.web.access.intercept.FilterSecurityInterceptor@59da4992]
2020-09-11 21:38:19.460  INFO 10009 --- [           main] o.s.s.web.DefaultSecurityFilterChain     : Creating filter chain: org.springframework.security.oauth2.config.annotation.web.configuration.ResourceServerConfiguration$NotOAuthRequestMatcher@73cdf5f9, [org.springframework.security.web.context.request.async.WebAsyncManagerIntegrationFilter@7d619bcb, org.springframework.security.web.context.SecurityContextPersistenceFilter@7976d382, org.springframework.security.web.header.HeaderWriterFilter@45ea6c24, org.springframework.web.filter.CorsFilter@4d1f168, org.springframework.security.web.authentication.logout.LogoutFilter@498cf1dc, org.springframework.security.oauth2.provider.authentication.OAuth2AuthenticationProcessingFilter@523e019c, org.springframework.security.web.savedrequest.RequestCacheAwareFilter@59f36439, org.springframework.security.web.servletapi.SecurityContextHolderAwareRequestFilter@4feea86f, org.springframework.security.web.authentication.AnonymousAuthenticationFilter@57f83dc7, org.springframework.security.web.session.SessionManagementFilter@51f31fad, org.springframework.security.web.access.ExceptionTranslationFilter@6a495d88, org.springframework.security.web.access.intercept.FilterSecurityInterceptor@23b02f37]
2020-09-11 21:38:19.516  INFO 10009 --- [           main] o.s.s.web.DefaultSecurityFilterChain     : Creating filter chain: any request, [org.springframework.security.web.context.request.async.WebAsyncManagerIntegrationFilter@3dc5eb8f, org.springframework.security.web.context.SecurityContextPersistenceFilter@32aa27a7, org.springframework.security.web.header.HeaderWriterFilter@6db84cae, org.springframework.security.web.csrf.CsrfFilter@34d6e9a4, org.springframework.security.web.authentication.logout.LogoutFilter@163cd4a6, org.springframework.security.web.authentication.UsernamePasswordAuthenticationFilter@6dd50380, org.springframework.security.web.authentication.ui.DefaultLoginPageGeneratingFilter@328b2c2a, org.springframework.security.web.authentication.ui.DefaultLogoutPageGeneratingFilter@1d4b0a07, org.springframework.security.web.authentication.www.BasicAuthenticationFilter@31f96cf, org.springframework.security.web.savedrequest.RequestCacheAwareFilter@5c7c22ce, org.springframework.security.web.servletapi.SecurityContextHolderAwareRequestFilter@738ed8d3, org.springframework.security.web.authentication.AnonymousAuthenticationFilter@17a89cb1, org.springframework.security.web.session.SessionManagementFilter@6db59e26, org.springframework.security.web.access.ExceptionTranslationFilter@6e200307, org.springframework.security.web.access.intercept.FilterSecurityInterceptor@8a0a1d1]
2020-09-11 21:38:20.315  INFO 10009 --- [           main] o.s.s.concurrent.ThreadPoolTaskExecutor  : Initializing ExecutorService 'applicationTaskExecutor'
2020-09-11 21:38:20.756  WARN 10009 --- [           main] ion$DefaultTemplateResolverConfiguration : Cannot find template location: classpath:/templates/ (please add some templates or check your Thymeleaf configuration)
2020-09-11 21:38:21.319  INFO 10009 --- [           main] o.s.s.c.ThreadPoolTaskScheduler          : Initializing ExecutorService 'taskScheduler'
2020-09-11 21:38:21.380  INFO 10009 --- [           main] o.s.b.a.e.web.EndpointLinksResolver      : Exposing 2 endpoint(s) beneath base path '/actuator'
2020-09-11 21:38:21.484  INFO 10009 --- [           main] c.l.leadsponge.IO.ApplicationTests       : Started ApplicationTests in 12.531 seconds (JVM running for 14.348)
Hibernate: select tbl.identificador from sequencia_tabelas tbl where tbl.tabela=? for update
Hibernate: update sequencia_tabelas set identificador=?  where identificador=? and tabela=?
Hibernate: insert into roles (nome, id) values (?, ?)
2020-09-11 21:38:21.725  WARN 10009 --- [           main] o.h.engine.jdbc.spi.SqlExceptionHelper   : SQL Error: 1062, SQLState: 23000
2020-09-11 21:38:21.727 ERROR 10009 --- [           main] o.h.engine.jdbc.spi.SqlExceptionHelper   : Duplicate entry 'CADASTRAR_USUARIO' for key 'roles.UK7xq7p7jlaaotwefc21s2ecs55'
2020-09-11 21:38:21.740  INFO 10009 --- [           main] ConditionEvaluationReportLoggingListener : 

Error starting ApplicationContext. To display the conditions report re-run your application with 'debug' enabled.
2020-09-11 21:38:21.753 ERROR 10009 --- [           main] o.s.boot.SpringApplication               : Application run failed

java.lang.IllegalStateException: Failed to execute CommandLineRunner
	at org.springframework.boot.SpringApplication.callRunner(SpringApplication.java:787) ~[spring-boot-2.2.6.RELEASE.jar:2.2.6.RELEASE]
	at org.springframework.boot.SpringApplication.callRunners(SpringApplication.java:768) ~[spring-boot-2.2.6.RELEASE.jar:2.2.6.RELEASE]
	at org.springframework.boot.SpringApplication.run(SpringApplication.java:322) ~[spring-boot-2.2.6.RELEASE.jar:2.2.6.RELEASE]
	at org.springframework.boot.test.context.SpringBootContextLoader.loadContext(SpringBootContextLoader.java:126) ~[spring-boot-test-2.2.6.RELEASE.jar:2.2.6.RELEASE]
	at org.springframework.test.context.cache.DefaultCacheAwareContextLoaderDelegate.loadContextInternal(DefaultCacheAwareContextLoaderDelegate.java:99) ~[spring-test-5.2.5.RELEASE.jar:5.2.5.RELEASE]
	at org.springframework.test.context.cache.DefaultCacheAwareContextLoaderDelegate.loadContext(DefaultCacheAwareContextLoaderDelegate.java:124) ~[spring-test-5.2.5.RELEASE.jar:5.2.5.RELEASE]
	at org.springframework.test.context.support.DefaultTestContext.getApplicationContext(DefaultTestContext.java:123) ~[spring-test-5.2.5.RELEASE.jar:5.2.5.RELEASE]
	at org.springframework.test.context.web.ServletTestExecutionListener.setUpRequestContextIfNecessary(ServletTestExecutionListener.java:190) ~[spring-test-5.2.5.RELEASE.jar:5.2.5.RELEASE]
	at org.springframework.test.context.web.ServletTestExecutionListener.prepareTestInstance(ServletTestExecutionListener.java:132) ~[spring-test-5.2.5.RELEASE.jar:5.2.5.RELEASE]
	at org.springframework.test.context.TestContextManager.prepareTestInstance(TestContextManager.java:244) ~[spring-test-5.2.5.RELEASE.jar:5.2.5.RELEASE]
	at org.springframework.test.context.junit.jupiter.SpringExtension.postProcessTestInstance(SpringExtension.java:98) ~[spring-test-5.2.5.RELEASE.jar:5.2.5.RELEASE]
	at org.junit.jupiter.engine.descriptor.ClassBasedTestDescriptor.lambda$invokeTestInstancePostProcessors$5(ClassBasedTestDescriptor.java:337) ~[junit-jupiter-engine-5.5.2.jar:5.5.2]
	at org.junit.jupiter.engine.descriptor.ClassBasedTestDescriptor.executeAndMaskThrowable(ClassBasedTestDescriptor.java:342) ~[junit-jupiter-engine-5.5.2.jar:5.5.2]
	at org.junit.jupiter.engine.descriptor.ClassBasedTestDescriptor.lambda$invokeTestInstancePostProcessors$6(ClassBasedTestDescriptor.java:337) ~[junit-jupiter-engine-5.5.2.jar:5.5.2]
	at java.base/java.util.stream.ReferencePipeline$3$1.accept(ReferencePipeline.java:195) ~[na:na]
	at java.base/java.util.stream.ReferencePipeline$2$1.accept(ReferencePipeline.java:177) ~[na:na]
	at java.base/java.util.ArrayList$ArrayListSpliterator.forEachRemaining(ArrayList.java:1655) ~[na:na]
	at java.base/java.util.stream.AbstractPipeline.copyInto(AbstractPipeline.java:484) ~[na:na]
	at java.base/java.util.stream.AbstractPipeline.wrapAndCopyInto(AbstractPipeline.java:474) ~[na:na]
	at java.base/java.util.stream.StreamSpliterators$WrappingSpliterator.forEachRemaining(StreamSpliterators.java:312) ~[na:na]
	at java.base/java.util.stream.Streams$ConcatSpliterator.forEachRemaining(Streams.java:735) ~[na:na]
	at java.base/java.util.stream.Streams$ConcatSpliterator.forEachRemaining(Streams.java:734) ~[na:na]
	at java.base/java.util.stream.ReferencePipeline$Head.forEach(ReferencePipeline.java:658) ~[na:na]
	at org.junit.jupiter.engine.descriptor.ClassBasedTestDescriptor.invokeTestInstancePostProcessors(ClassBasedTestDescriptor.java:336) ~[junit-jupiter-engine-5.5.2.jar:5.5.2]
	at org.junit.jupiter.engine.descriptor.ClassBasedTestDescriptor.instantiateAndPostProcessTestInstance(ClassBasedTestDescriptor.java:259) ~[junit-jupiter-engine-5.5.2.jar:5.5.2]
	at org.junit.jupiter.engine.descriptor.ClassBasedTestDescriptor.lambda$testInstancesProvider$2(ClassBasedTestDescriptor.java:252) ~[junit-jupiter-engine-5.5.2.jar:5.5.2]
	at java.base/java.util.Optional.orElseGet(Optional.java:369) ~[na:na]
	at org.junit.jupiter.engine.descriptor.ClassBasedTestDescriptor.lambda$testInstancesProvider$3(ClassBasedTestDescriptor.java:251) ~[junit-jupiter-engine-5.5.2.jar:5.5.2]
	at org.junit.jupiter.engine.execution.TestInstancesProvider.getTestInstances(TestInstancesProvider.java:29) ~[junit-jupiter-engine-5.5.2.jar:5.5.2]
	at org.junit.jupiter.engine.descriptor.TestMethodTestDescriptor.lambda$prepare$0(TestMethodTestDescriptor.java:106) ~[junit-jupiter-engine-5.5.2.jar:5.5.2]
	at org.junit.platform.engine.support.hierarchical.ThrowableCollector.execute(ThrowableCollector.java:73) ~[junit-platform-engine-1.5.2.jar:1.5.2]
	at org.junit.jupiter.engine.descriptor.TestMethodTestDescriptor.prepare(TestMethodTestDescriptor.java:105) ~[junit-jupiter-engine-5.5.2.jar:5.5.2]
	at org.junit.jupiter.engine.descriptor.TestMethodTestDescriptor.prepare(TestMethodTestDescriptor.java:69) ~[junit-jupiter-engine-5.5.2.jar:5.5.2]
	at org.junit.platform.engine.support.hierarchical.NodeTestTask.lambda$prepare$1(NodeTestTask.java:107) ~[junit-platform-engine-1.5.2.jar:1.5.2]
	at org.junit.platform.engine.support.hierarchical.ThrowableCollector.execute(ThrowableCollector.java:73) ~[junit-platform-engine-1.5.2.jar:1.5.2]
	at org.junit.platform.engine.support.hierarchical.NodeTestTask.prepare(NodeTestTask.java:107) ~[junit-platform-engine-1.5.2.jar:1.5.2]
	at org.junit.platform.engine.support.hierarchical.NodeTestTask.execute(NodeTestTask.java:75) ~[junit-platform-engine-1.5.2.jar:1.5.2]
	at java.base/java.util.ArrayList.forEach(ArrayList.java:1541) ~[na:na]
	at org.junit.platform.engine.support.hierarchical.SameThreadHierarchicalTestExecutorService.invokeAll(SameThreadHierarchicalTestExecutorService.java:38) ~[junit-platform-engine-1.5.2.jar:1.5.2]
	at org.junit.platform.engine.support.hierarchical.NodeTestTask.lambda$executeRecursively$5(NodeTestTask.java:139) ~[junit-platform-engine-1.5.2.jar:1.5.2]
	at org.junit.platform.engine.support.hierarchical.ThrowableCollector.execute(ThrowableCollector.java:73) ~[junit-platform-engine-1.5.2.jar:1.5.2]
	at org.junit.platform.engine.support.hierarchical.NodeTestTask.lambda$executeRecursively$7(NodeTestTask.java:125) ~[junit-platform-engine-1.5.2.jar:1.5.2]
	at org.junit.platform.engine.support.hierarchical.Node.around(Node.java:135) ~[junit-platform-engine-1.5.2.jar:1.5.2]
	at org.junit.platform.engine.support.hierarchical.NodeTestTask.lambda$executeRecursively$8(NodeTestTask.java:123) ~[junit-platform-engine-1.5.2.jar:1.5.2]
	at org.junit.platform.engine.support.hierarchical.ThrowableCollector.execute(ThrowableCollector.java:73) ~[junit-platform-engine-1.5.2.jar:1.5.2]
	at org.junit.platform.engine.support.hierarchical.NodeTestTask.executeRecursively(NodeTestTask.java:122) ~[junit-platform-engine-1.5.2.jar:1.5.2]
	at org.junit.platform.engine.support.hierarchical.NodeTestTask.execute(NodeTestTask.java:80) ~[junit-platform-engine-1.5.2.jar:1.5.2]
	at java.base/java.util.ArrayList.forEach(ArrayList.java:1541) ~[na:na]
	at org.junit.platform.engine.support.hierarchical.SameThreadHierarchicalTestExecutorService.invokeAll(SameThreadHierarchicalTestExecutorService.java:38) ~[junit-platform-engine-1.5.2.jar:1.5.2]
	at org.junit.platform.engine.support.hierarchical.NodeTestTask.lambda$executeRecursively$5(NodeTestTask.java:139) ~[junit-platform-engine-1.5.2.jar:1.5.2]
	at org.junit.platform.engine.support.hierarchical.ThrowableCollector.execute(ThrowableCollector.java:73) ~[junit-platform-engine-1.5.2.jar:1.5.2]
	at org.junit.platform.engine.support.hierarchical.NodeTestTask.lambda$executeRecursively$7(NodeTestTask.java:125) ~[junit-platform-engine-1.5.2.jar:1.5.2]
	at org.junit.platform.engine.support.hierarchical.Node.around(Node.java:135) ~[junit-platform-engine-1.5.2.jar:1.5.2]
	at org.junit.platform.engine.support.hierarchical.NodeTestTask.lambda$executeRecursively$8(NodeTestTask.java:123) ~[junit-platform-engine-1.5.2.jar:1.5.2]
	at org.junit.platform.engine.support.hierarchical.ThrowableCollector.execute(ThrowableCollector.java:73) ~[junit-platform-engine-1.5.2.jar:1.5.2]
	at org.junit.platform.engine.support.hierarchical.NodeTestTask.executeRecursively(NodeTestTask.java:122) ~[junit-platform-engine-1.5.2.jar:1.5.2]
	at org.junit.platform.engine.support.hierarchical.NodeTestTask.execute(NodeTestTask.java:80) ~[junit-platform-engine-1.5.2.jar:1.5.2]
	at org.junit.platform.engine.support.hierarchical.SameThreadHierarchicalTestExecutorService.submit(SameThreadHierarchicalTestExecutorService.java:32) ~[junit-platform-engine-1.5.2.jar:1.5.2]
	at org.junit.platform.engine.support.hierarchical.HierarchicalTestExecutor.execute(HierarchicalTestExecutor.java:57) ~[junit-platform-engine-1.5.2.jar:1.5.2]
	at org.junit.platform.engine.support.hierarchical.HierarchicalTestEngine.execute(HierarchicalTestEngine.java:51) ~[junit-platform-engine-1.5.2.jar:1.5.2]
	at org.junit.platform.launcher.core.DefaultLauncher.execute(DefaultLauncher.java:220) ~[junit-platform-launcher-1.3.1.jar:1.3.1]
	at org.junit.platform.launcher.core.DefaultLauncher.lambda$execute$6(DefaultLauncher.java:188) ~[junit-platform-launcher-1.3.1.jar:1.3.1]
	at org.junit.platform.launcher.core.DefaultLauncher.withInterceptedStreams(DefaultLauncher.java:202) ~[junit-platform-launcher-1.3.1.jar:1.3.1]
	at org.junit.platform.launcher.core.DefaultLauncher.execute(DefaultLauncher.java:181) ~[junit-platform-launcher-1.3.1.jar:1.3.1]
	at org.junit.platform.launcher.core.DefaultLauncher.execute(DefaultLauncher.java:128) ~[junit-platform-launcher-1.3.1.jar:1.3.1]
	at org.apache.maven.surefire.junitplatform.JUnitPlatformProvider.invokeAllTests(JUnitPlatformProvider.java:150) ~[surefire-junit-platform-2.22.2.jar:2.22.2]
	at org.apache.maven.surefire.junitplatform.JUnitPlatformProvider.invoke(JUnitPlatformProvider.java:124) ~[surefire-junit-platform-2.22.2.jar:2.22.2]
	at org.apache.maven.surefire.booter.ForkedBooter.invokeProviderInSameClassLoader(ForkedBooter.java:384) ~[surefire-booter-2.22.2.jar:2.22.2]
	at org.apache.maven.surefire.booter.ForkedBooter.runSuitesInProcess(ForkedBooter.java:345) ~[surefire-booter-2.22.2.jar:2.22.2]
	at org.apache.maven.surefire.booter.ForkedBooter.execute(ForkedBooter.java:126) ~[surefire-booter-2.22.2.jar:2.22.2]
	at org.apache.maven.surefire.booter.ForkedBooter.main(ForkedBooter.java:418) ~[surefire-booter-2.22.2.jar:2.22.2]
Caused by: org.springframework.dao.DataIntegrityViolationException: could not execute statement; SQL [n/a]; constraint [roles.UK7xq7p7jlaaotwefc21s2ecs55]; nested exception is org.hibernate.exception.ConstraintViolationException: could not execute statement
	at org.springframework.orm.jpa.vendor.HibernateJpaDialect.convertHibernateAccessException(HibernateJpaDialect.java:298) ~[spring-orm-5.2.5.RELEASE.jar:5.2.5.RELEASE]
	at org.springframework.orm.jpa.vendor.HibernateJpaDialect.translateExceptionIfPossible(HibernateJpaDialect.java:255) ~[spring-orm-5.2.5.RELEASE.jar:5.2.5.RELEASE]
	at org.springframework.orm.jpa.JpaTransactionManager.doCommit(JpaTransactionManager.java:538) ~[spring-orm-5.2.5.RELEASE.jar:5.2.5.RELEASE]
	at org.springframework.transaction.support.AbstractPlatformTransactionManager.processCommit(AbstractPlatformTransactionManager.java:743) ~[spring-tx-5.2.5.RELEASE.jar:5.2.5.RELEASE]
	at org.springframework.transaction.support.AbstractPlatformTransactionManager.commit(AbstractPlatformTransactionManager.java:711) ~[spring-tx-5.2.5.RELEASE.jar:5.2.5.RELEASE]
	at org.springframework.transaction.interceptor.TransactionAspectSupport.commitTransactionAfterReturning(TransactionAspectSupport.java:631) ~[spring-tx-5.2.5.RELEASE.jar:5.2.5.RELEASE]
	at org.springframework.transaction.interceptor.TransactionAspectSupport.invokeWithinTransaction(TransactionAspectSupport.java:385) ~[spring-tx-5.2.5.RELEASE.jar:5.2.5.RELEASE]
	at org.springframework.transaction.interceptor.TransactionInterceptor.invoke(TransactionInterceptor.java:118) ~[spring-tx-5.2.5.RELEASE.jar:5.2.5.RELEASE]
	at org.springframework.aop.framework.ReflectiveMethodInvocation.proceed(ReflectiveMethodInvocation.java:186) ~[spring-aop-5.2.5.RELEASE.jar:5.2.5.RELEASE]
	at org.springframework.dao.support.PersistenceExceptionTranslationInterceptor.invoke(PersistenceExceptionTranslationInterceptor.java:139) ~[spring-tx-5.2.5.RELEASE.jar:5.2.5.RELEASE]
	at org.springframework.aop.framework.ReflectiveMethodInvocation.proceed(ReflectiveMethodInvocation.java:186) ~[spring-aop-5.2.5.RELEASE.jar:5.2.5.RELEASE]
	at org.springframework.data.jpa.repository.support.CrudMethodMetadataPostProcessor$CrudMethodMetadataPopulatingMethodInterceptor.invoke(CrudMethodMetadataPostProcessor.java:178) ~[spring-data-jpa-2.2.6.RELEASE.jar:2.2.6.RELEASE]
	at org.springframework.aop.framework.ReflectiveMethodInvocation.proceed(ReflectiveMethodInvocation.java:186) ~[spring-aop-5.2.5.RELEASE.jar:5.2.5.RELEASE]
	at org.springframework.aop.interceptor.ExposeInvocationInterceptor.invoke(ExposeInvocationInterceptor.java:95) ~[spring-aop-5.2.5.RELEASE.jar:5.2.5.RELEASE]
	at org.springframework.aop.framework.ReflectiveMethodInvocation.proceed(ReflectiveMethodInvocation.java:186) ~[spring-aop-5.2.5.RELEASE.jar:5.2.5.RELEASE]
	at org.springframework.aop.framework.JdkDynamicAopProxy.invoke(JdkDynamicAopProxy.java:212) ~[spring-aop-5.2.5.RELEASE.jar:5.2.5.RELEASE]
	at com.sun.proxy.$Proxy202.save(Unknown Source) ~[na:na]
	at com.leadsponge.IO.data.LoadDatabase.lambda$initTableRole$0(LoadDatabase.java:29) ~[classes/:na]
	at org.springframework.boot.SpringApplication.callRunner(SpringApplication.java:784) ~[spring-boot-2.2.6.RELEASE.jar:2.2.6.RELEASE]
	... 70 common frames omitted
Caused by: org.hibernate.exception.ConstraintViolationException: could not execute statement
	at org.hibernate.exception.internal.SQLExceptionTypeDelegate.convert(SQLExceptionTypeDelegate.java:59) ~[hibernate-core-5.4.12.Final.jar:5.4.12.Final]
	at org.hibernate.exception.internal.StandardSQLExceptionConverter.convert(StandardSQLExceptionConverter.java:42) ~[hibernate-core-5.4.12.Final.jar:5.4.12.Final]
	at org.hibernate.engine.jdbc.spi.SqlExceptionHelper.convert(SqlExceptionHelper.java:113) ~[hibernate-core-5.4.12.Final.jar:5.4.12.Final]
	at org.hibernate.engine.jdbc.spi.SqlExceptionHelper.convert(SqlExceptionHelper.java:99) ~[hibernate-core-5.4.12.Final.jar:5.4.12.Final]
	at org.hibernate.engine.jdbc.internal.ResultSetReturnImpl.executeUpdate(ResultSetReturnImpl.java:200) ~[hibernate-core-5.4.12.Final.jar:5.4.12.Final]
	at org.hibernate.persister.entity.AbstractEntityPersister.insert(AbstractEntityPersister.java:3235) ~[hibernate-core-5.4.12.Final.jar:5.4.12.Final]
	at org.hibernate.persister.entity.AbstractEntityPersister.insert(AbstractEntityPersister.java:3760) ~[hibernate-core-5.4.12.Final.jar:5.4.12.Final]
	at org.hibernate.action.internal.EntityInsertAction.execute(EntityInsertAction.java:107) ~[hibernate-core-5.4.12.Final.jar:5.4.12.Final]
	at org.hibernate.engine.spi.ActionQueue.executeActions(ActionQueue.java:604) ~[hibernate-core-5.4.12.Final.jar:5.4.12.Final]
	at org.hibernate.engine.spi.ActionQueue.lambda$executeActions$1(ActionQueue.java:478) ~[hibernate-core-5.4.12.Final.jar:5.4.12.Final]
	at java.base/java.util.LinkedHashMap.forEach(LinkedHashMap.java:684) ~[na:na]
	at org.hibernate.engine.spi.ActionQueue.executeActions(ActionQueue.java:475) ~[hibernate-core-5.4.12.Final.jar:5.4.12.Final]
	at org.hibernate.event.internal.AbstractFlushingEventListener.performExecutions(AbstractFlushingEventListener.java:348) ~[hibernate-core-5.4.12.Final.jar:5.4.12.Final]
	at org.hibernate.event.internal.DefaultFlushEventListener.onFlush(DefaultFlushEventListener.java:40) ~[hibernate-core-5.4.12.Final.jar:5.4.12.Final]
	at org.hibernate.event.service.internal.EventListenerGroupImpl.fireEventOnEachListener(EventListenerGroupImpl.java:102) ~[hibernate-core-5.4.12.Final.jar:5.4.12.Final]
	at org.hibernate.internal.SessionImpl.doFlush(SessionImpl.java:1352) ~[hibernate-core-5.4.12.Final.jar:5.4.12.Final]
	at org.hibernate.internal.SessionImpl.managedFlush(SessionImpl.java:443) ~[hibernate-core-5.4.12.Final.jar:5.4.12.Final]
	at org.hibernate.internal.SessionImpl.flushBeforeTransactionCompletion(SessionImpl.java:3202) ~[hibernate-core-5.4.12.Final.jar:5.4.12.Final]
	at org.hibernate.internal.SessionImpl.beforeTransactionCompletion(SessionImpl.java:2370) ~[hibernate-core-5.4.12.Final.jar:5.4.12.Final]
	at org.hibernate.engine.jdbc.internal.JdbcCoordinatorImpl.beforeTransactionCompletion(JdbcCoordinatorImpl.java:447) ~[hibernate-core-5.4.12.Final.jar:5.4.12.Final]
	at org.hibernate.resource.transaction.backend.jdbc.internal.JdbcResourceLocalTransactionCoordinatorImpl.beforeCompletionCallback(JdbcResourceLocalTransactionCoordinatorImpl.java:183) ~[hibernate-core-5.4.12.Final.jar:5.4.12.Final]
	at org.hibernate.resource.transaction.backend.jdbc.internal.JdbcResourceLocalTransactionCoordinatorImpl.access$300(JdbcResourceLocalTransactionCoordinatorImpl.java:40) ~[hibernate-core-5.4.12.Final.jar:5.4.12.Final]
	at org.hibernate.resource.transaction.backend.jdbc.internal.JdbcResourceLocalTransactionCoordinatorImpl$TransactionDriverControlImpl.commit(JdbcResourceLocalTransactionCoordinatorImpl.java:281) ~[hibernate-core-5.4.12.Final.jar:5.4.12.Final]
	at org.hibernate.engine.transaction.internal.TransactionImpl.commit(TransactionImpl.java:101) ~[hibernate-core-5.4.12.Final.jar:5.4.12.Final]
	at org.springframework.orm.jpa.JpaTransactionManager.doCommit(JpaTransactionManager.java:534) ~[spring-orm-5.2.5.RELEASE.jar:5.2.5.RELEASE]
	... 86 common frames omitted
Caused by: java.sql.SQLIntegrityConstraintViolationException: Duplicate entry 'CADASTRAR_USUARIO' for key 'roles.UK7xq7p7jlaaotwefc21s2ecs55'
	at com.mysql.cj.jdbc.exceptions.SQLError.createSQLException(SQLError.java:117) ~[mysql-connector-java-8.0.19.jar:8.0.19]
	at com.mysql.cj.jdbc.exceptions.SQLError.createSQLException(SQLError.java:97) ~[mysql-connector-java-8.0.19.jar:8.0.19]
	at com.mysql.cj.jdbc.exceptions.SQLExceptionsMapping.translateException(SQLExceptionsMapping.java:122) ~[mysql-connector-java-8.0.19.jar:8.0.19]
	at com.mysql.cj.jdbc.ClientPreparedStatement.executeInternal(ClientPreparedStatement.java:953) ~[mysql-connector-java-8.0.19.jar:8.0.19]
	at com.mysql.cj.jdbc.ClientPreparedStatement.executeUpdateInternal(ClientPreparedStatement.java:1092) ~[mysql-connector-java-8.0.19.jar:8.0.19]
	at com.mysql.cj.jdbc.ClientPreparedStatement.executeUpdateInternal(ClientPreparedStatement.java:1040) ~[mysql-connector-java-8.0.19.jar:8.0.19]
	at com.mysql.cj.jdbc.ClientPreparedStatement.executeLargeUpdate(ClientPreparedStatement.java:1347) ~[mysql-connector-java-8.0.19.jar:8.0.19]
	at com.mysql.cj.jdbc.ClientPreparedStatement.executeUpdate(ClientPreparedStatement.java:1025) ~[mysql-connector-java-8.0.19.jar:8.0.19]
	at org.hibernate.engine.jdbc.internal.ResultSetReturnImpl.executeUpdate(ResultSetReturnImpl.java:197) ~[hibernate-core-5.4.12.Final.jar:5.4.12.Final]
	... 106 common frames omitted

2020-09-11 21:38:21.760  INFO 10009 --- [           main] o.s.s.c.ThreadPoolTaskScheduler          : Shutting down ExecutorService 'taskScheduler'
2020-09-11 21:38:21.764  INFO 10009 --- [           main] o.s.s.concurrent.ThreadPoolTaskExecutor  : Shutting down ExecutorService 'applicationTaskExecutor'
2020-09-11 21:38:21.788  INFO 10009 --- [           main] j.LocalContainerEntityManagerFactoryBean : Closing JPA EntityManagerFactory for persistence unit 'default'
2020-09-11 21:38:21.795 ERROR 10009 --- [           main] o.s.test.context.TestContextManager      : Caught exception while allowing TestExecutionListener [org.springframework.test.context.web.ServletTestExecutionListener@21a21c64] to prepare test instance [com.leadsponge.leadsponge.IO.ApplicationTests@3e5e7f4c]

java.lang.IllegalStateException: Failed to load ApplicationContext
	at org.springframework.test.context.cache.DefaultCacheAwareContextLoaderDelegate.loadContext(DefaultCacheAwareContextLoaderDelegate.java:132) ~[spring-test-5.2.5.RELEASE.jar:5.2.5.RELEASE]
	at org.springframework.test.context.support.DefaultTestContext.getApplicationContext(DefaultTestContext.java:123) ~[spring-test-5.2.5.RELEASE.jar:5.2.5.RELEASE]
	at org.springframework.test.context.web.ServletTestExecutionListener.setUpRequestContextIfNecessary(ServletTestExecutionListener.java:190) ~[spring-test-5.2.5.RELEASE.jar:5.2.5.RELEASE]
	at org.springframework.test.context.web.ServletTestExecutionListener.prepareTestInstance(ServletTestExecutionListener.java:132) ~[spring-test-5.2.5.RELEASE.jar:5.2.5.RELEASE]
	at org.springframework.test.context.TestContextManager.prepareTestInstance(TestContextManager.java:244) ~[spring-test-5.2.5.RELEASE.jar:5.2.5.RELEASE]
	at org.springframework.test.context.junit.jupiter.SpringExtension.postProcessTestInstance(SpringExtension.java:98) ~[spring-test-5.2.5.RELEASE.jar:5.2.5.RELEASE]
	at org.junit.jupiter.engine.descriptor.ClassBasedTestDescriptor.lambda$invokeTestInstancePostProcessors$5(ClassBasedTestDescriptor.java:337) ~[junit-jupiter-engine-5.5.2.jar:5.5.2]
	at org.junit.jupiter.engine.descriptor.ClassBasedTestDescriptor.executeAndMaskThrowable(ClassBasedTestDescriptor.java:342) ~[junit-jupiter-engine-5.5.2.jar:5.5.2]
	at org.junit.jupiter.engine.descriptor.ClassBasedTestDescriptor.lambda$invokeTestInstancePostProcessors$6(ClassBasedTestDescriptor.java:337) ~[junit-jupiter-engine-5.5.2.jar:5.5.2]
	at java.base/java.util.stream.ReferencePipeline$3$1.accept(ReferencePipeline.java:195) ~[na:na]
	at java.base/java.util.stream.ReferencePipeline$2$1.accept(ReferencePipeline.java:177) ~[na:na]
	at java.base/java.util.ArrayList$ArrayListSpliterator.forEachRemaining(ArrayList.java:1655) ~[na:na]
	at java.base/java.util.stream.AbstractPipeline.copyInto(AbstractPipeline.java:484) ~[na:na]
	at java.base/java.util.stream.AbstractPipeline.wrapAndCopyInto(AbstractPipeline.java:474) ~[na:na]
	at java.base/java.util.stream.StreamSpliterators$WrappingSpliterator.forEachRemaining(StreamSpliterators.java:312) ~[na:na]
	at java.base/java.util.stream.Streams$ConcatSpliterator.forEachRemaining(Streams.java:735) ~[na:na]
	at java.base/java.util.stream.Streams$ConcatSpliterator.forEachRemaining(Streams.java:734) ~[na:na]
	at java.base/java.util.stream.ReferencePipeline$Head.forEach(ReferencePipeline.java:658) ~[na:na]
	at org.junit.jupiter.engine.descriptor.ClassBasedTestDescriptor.invokeTestInstancePostProcessors(ClassBasedTestDescriptor.java:336) ~[junit-jupiter-engine-5.5.2.jar:5.5.2]
	at org.junit.jupiter.engine.descriptor.ClassBasedTestDescriptor.instantiateAndPostProcessTestInstance(ClassBasedTestDescriptor.java:259) ~[junit-jupiter-engine-5.5.2.jar:5.5.2]
	at org.junit.jupiter.engine.descriptor.ClassBasedTestDescriptor.lambda$testInstancesProvider$2(ClassBasedTestDescriptor.java:252) ~[junit-jupiter-engine-5.5.2.jar:5.5.2]
	at java.base/java.util.Optional.orElseGet(Optional.java:369) ~[na:na]
	at org.junit.jupiter.engine.descriptor.ClassBasedTestDescriptor.lambda$testInstancesProvider$3(ClassBasedTestDescriptor.java:251) ~[junit-jupiter-engine-5.5.2.jar:5.5.2]
	at org.junit.jupiter.engine.execution.TestInstancesProvider.getTestInstances(TestInstancesProvider.java:29) ~[junit-jupiter-engine-5.5.2.jar:5.5.2]
	at org.junit.jupiter.engine.descriptor.TestMethodTestDescriptor.lambda$prepare$0(TestMethodTestDescriptor.java:106) ~[junit-jupiter-engine-5.5.2.jar:5.5.2]
	at org.junit.platform.engine.support.hierarchical.ThrowableCollector.execute(ThrowableCollector.java:73) ~[junit-platform-engine-1.5.2.jar:1.5.2]
	at org.junit.jupiter.engine.descriptor.TestMethodTestDescriptor.prepare(TestMethodTestDescriptor.java:105) ~[junit-jupiter-engine-5.5.2.jar:5.5.2]
	at org.junit.jupiter.engine.descriptor.TestMethodTestDescriptor.prepare(TestMethodTestDescriptor.java:69) ~[junit-jupiter-engine-5.5.2.jar:5.5.2]
	at org.junit.platform.engine.support.hierarchical.NodeTestTask.lambda$prepare$1(NodeTestTask.java:107) ~[junit-platform-engine-1.5.2.jar:1.5.2]
	at org.junit.platform.engine.support.hierarchical.ThrowableCollector.execute(ThrowableCollector.java:73) ~[junit-platform-engine-1.5.2.jar:1.5.2]
	at org.junit.platform.engine.support.hierarchical.NodeTestTask.prepare(NodeTestTask.java:107) ~[junit-platform-engine-1.5.2.jar:1.5.2]
	at org.junit.platform.engine.support.hierarchical.NodeTestTask.execute(NodeTestTask.java:75) ~[junit-platform-engine-1.5.2.jar:1.5.2]
	at java.base/java.util.ArrayList.forEach(ArrayList.java:1541) ~[na:na]
	at org.junit.platform.engine.support.hierarchical.SameThreadHierarchicalTestExecutorService.invokeAll(SameThreadHierarchicalTestExecutorService.java:38) ~[junit-platform-engine-1.5.2.jar:1.5.2]
	at org.junit.platform.engine.support.hierarchical.NodeTestTask.lambda$executeRecursively$5(NodeTestTask.java:139) ~[junit-platform-engine-1.5.2.jar:1.5.2]
	at org.junit.platform.engine.support.hierarchical.ThrowableCollector.execute(ThrowableCollector.java:73) ~[junit-platform-engine-1.5.2.jar:1.5.2]
	at org.junit.platform.engine.support.hierarchical.NodeTestTask.lambda$executeRecursively$7(NodeTestTask.java:125) ~[junit-platform-engine-1.5.2.jar:1.5.2]
	at org.junit.platform.engine.support.hierarchical.Node.around(Node.java:135) ~[junit-platform-engine-1.5.2.jar:1.5.2]
	at org.junit.platform.engine.support.hierarchical.NodeTestTask.lambda$executeRecursively$8(NodeTestTask.java:123) ~[junit-platform-engine-1.5.2.jar:1.5.2]
	at org.junit.platform.engine.support.hierarchical.ThrowableCollector.execute(ThrowableCollector.java:73) ~[junit-platform-engine-1.5.2.jar:1.5.2]
	at org.junit.platform.engine.support.hierarchical.NodeTestTask.executeRecursively(NodeTestTask.java:122) ~[junit-platform-engine-1.5.2.jar:1.5.2]
	at org.junit.platform.engine.support.hierarchical.NodeTestTask.execute(NodeTestTask.java:80) ~[junit-platform-engine-1.5.2.jar:1.5.2]
	at java.base/java.util.ArrayList.forEach(ArrayList.java:1541) ~[na:na]
	at org.junit.platform.engine.support.hierarchical.SameThreadHierarchicalTestExecutorService.invokeAll(SameThreadHierarchicalTestExecutorService.java:38) ~[junit-platform-engine-1.5.2.jar:1.5.2]
	at org.junit.platform.engine.support.hierarchical.NodeTestTask.lambda$executeRecursively$5(NodeTestTask.java:139) ~[junit-platform-engine-1.5.2.jar:1.5.2]
	at org.junit.platform.engine.support.hierarchical.ThrowableCollector.execute(ThrowableCollector.java:73) ~[junit-platform-engine-1.5.2.jar:1.5.2]
	at org.junit.platform.engine.support.hierarchical.NodeTestTask.lambda$executeRecursively$7(NodeTestTask.java:125) ~[junit-platform-engine-1.5.2.jar:1.5.2]
	at org.junit.platform.engine.support.hierarchical.Node.around(Node.java:135) ~[junit-platform-engine-1.5.2.jar:1.5.2]
	at org.junit.platform.engine.support.hierarchical.NodeTestTask.lambda$executeRecursively$8(NodeTestTask.java:123) ~[junit-platform-engine-1.5.2.jar:1.5.2]
	at org.junit.platform.engine.support.hierarchical.ThrowableCollector.execute(ThrowableCollector.java:73) ~[junit-platform-engine-1.5.2.jar:1.5.2]
	at org.junit.platform.engine.support.hierarchical.NodeTestTask.executeRecursively(NodeTestTask.java:122) ~[junit-platform-engine-1.5.2.jar:1.5.2]
	at org.junit.platform.engine.support.hierarchical.NodeTestTask.execute(NodeTestTask.java:80) ~[junit-platform-engine-1.5.2.jar:1.5.2]
	at org.junit.platform.engine.support.hierarchical.SameThreadHierarchicalTestExecutorService.submit(SameThreadHierarchicalTestExecutorService.java:32) ~[junit-platform-engine-1.5.2.jar:1.5.2]
	at org.junit.platform.engine.support.hierarchical.HierarchicalTestExecutor.execute(HierarchicalTestExecutor.java:57) ~[junit-platform-engine-1.5.2.jar:1.5.2]
	at org.junit.platform.engine.support.hierarchical.HierarchicalTestEngine.execute(HierarchicalTestEngine.java:51) ~[junit-platform-engine-1.5.2.jar:1.5.2]
	at org.junit.platform.launcher.core.DefaultLauncher.execute(DefaultLauncher.java:220) ~[junit-platform-launcher-1.3.1.jar:1.3.1]
	at org.junit.platform.launcher.core.DefaultLauncher.lambda$execute$6(DefaultLauncher.java:188) ~[junit-platform-launcher-1.3.1.jar:1.3.1]
	at org.junit.platform.launcher.core.DefaultLauncher.withInterceptedStreams(DefaultLauncher.java:202) ~[junit-platform-launcher-1.3.1.jar:1.3.1]
	at org.junit.platform.launcher.core.DefaultLauncher.execute(DefaultLauncher.java:181) ~[junit-platform-launcher-1.3.1.jar:1.3.1]
	at org.junit.platform.launcher.core.DefaultLauncher.execute(DefaultLauncher.java:128) ~[junit-platform-launcher-1.3.1.jar:1.3.1]
	at org.apache.maven.surefire.junitplatform.JUnitPlatformProvider.invokeAllTests(JUnitPlatformProvider.java:150) ~[surefire-junit-platform-2.22.2.jar:2.22.2]
	at org.apache.maven.surefire.junitplatform.JUnitPlatformProvider.invoke(JUnitPlatformProvider.java:124) ~[surefire-junit-platform-2.22.2.jar:2.22.2]
	at org.apache.maven.surefire.booter.ForkedBooter.invokeProviderInSameClassLoader(ForkedBooter.java:384) ~[surefire-booter-2.22.2.jar:2.22.2]
	at org.apache.maven.surefire.booter.ForkedBooter.runSuitesInProcess(ForkedBooter.java:345) ~[surefire-booter-2.22.2.jar:2.22.2]
	at org.apache.maven.surefire.booter.ForkedBooter.execute(ForkedBooter.java:126) ~[surefire-booter-2.22.2.jar:2.22.2]
	at org.apache.maven.surefire.booter.ForkedBooter.main(ForkedBooter.java:418) ~[surefire-booter-2.22.2.jar:2.22.2]
Caused by: java.lang.IllegalStateException: Failed to execute CommandLineRunner
	at org.springframework.boot.SpringApplication.callRunner(SpringApplication.java:787) ~[spring-boot-2.2.6.RELEASE.jar:2.2.6.RELEASE]
	at org.springframework.boot.SpringApplication.callRunners(SpringApplication.java:768) ~[spring-boot-2.2.6.RELEASE.jar:2.2.6.RELEASE]
	at org.springframework.boot.SpringApplication.run(SpringApplication.java:322) ~[spring-boot-2.2.6.RELEASE.jar:2.2.6.RELEASE]
	at org.springframework.boot.test.context.SpringBootContextLoader.loadContext(SpringBootContextLoader.java:126) ~[spring-boot-test-2.2.6.RELEASE.jar:2.2.6.RELEASE]
	at org.springframework.test.context.cache.DefaultCacheAwareContextLoaderDelegate.loadContextInternal(DefaultCacheAwareContextLoaderDelegate.java:99) ~[spring-test-5.2.5.RELEASE.jar:5.2.5.RELEASE]
	at org.springframework.test.context.cache.DefaultCacheAwareContextLoaderDelegate.loadContext(DefaultCacheAwareContextLoaderDelegate.java:124) ~[spring-test-5.2.5.RELEASE.jar:5.2.5.RELEASE]
	... 65 common frames omitted
Caused by: org.springframework.dao.DataIntegrityViolationException: could not execute statement; SQL [n/a]; constraint [roles.UK7xq7p7jlaaotwefc21s2ecs55]; nested exception is org.hibernate.exception.ConstraintViolationException: could not execute statement
	at org.springframework.orm.jpa.vendor.HibernateJpaDialect.convertHibernateAccessException(HibernateJpaDialect.java:298) ~[spring-orm-5.2.5.RELEASE.jar:5.2.5.RELEASE]
	at org.springframework.orm.jpa.vendor.HibernateJpaDialect.translateExceptionIfPossible(HibernateJpaDialect.java:255) ~[spring-orm-5.2.5.RELEASE.jar:5.2.5.RELEASE]
	at org.springframework.orm.jpa.JpaTransactionManager.doCommit(JpaTransactionManager.java:538) ~[spring-orm-5.2.5.RELEASE.jar:5.2.5.RELEASE]
	at org.springframework.transaction.support.AbstractPlatformTransactionManager.processCommit(AbstractPlatformTransactionManager.java:743) ~[spring-tx-5.2.5.RELEASE.jar:5.2.5.RELEASE]
	at org.springframework.transaction.support.AbstractPlatformTransactionManager.commit(AbstractPlatformTransactionManager.java:711) ~[spring-tx-5.2.5.RELEASE.jar:5.2.5.RELEASE]
	at org.springframework.transaction.interceptor.TransactionAspectSupport.commitTransactionAfterReturning(TransactionAspectSupport.java:631) ~[spring-tx-5.2.5.RELEASE.jar:5.2.5.RELEASE]
	at org.springframework.transaction.interceptor.TransactionAspectSupport.invokeWithinTransaction(TransactionAspectSupport.java:385) ~[spring-tx-5.2.5.RELEASE.jar:5.2.5.RELEASE]
	at org.springframework.transaction.interceptor.TransactionInterceptor.invoke(TransactionInterceptor.java:118) ~[spring-tx-5.2.5.RELEASE.jar:5.2.5.RELEASE]
	at org.springframework.aop.framework.ReflectiveMethodInvocation.proceed(ReflectiveMethodInvocation.java:186) ~[spring-aop-5.2.5.RELEASE.jar:5.2.5.RELEASE]
	at org.springframework.dao.support.PersistenceExceptionTranslationInterceptor.invoke(PersistenceExceptionTranslationInterceptor.java:139) ~[spring-tx-5.2.5.RELEASE.jar:5.2.5.RELEASE]
	at org.springframework.aop.framework.ReflectiveMethodInvocation.proceed(ReflectiveMethodInvocation.java:186) ~[spring-aop-5.2.5.RELEASE.jar:5.2.5.RELEASE]
	at org.springframework.data.jpa.repository.support.CrudMethodMetadataPostProcessor$CrudMethodMetadataPopulatingMethodInterceptor.invoke(CrudMethodMetadataPostProcessor.java:178) ~[spring-data-jpa-2.2.6.RELEASE.jar:2.2.6.RELEASE]
	at org.springframework.aop.framework.ReflectiveMethodInvocation.proceed(ReflectiveMethodInvocation.java:186) ~[spring-aop-5.2.5.RELEASE.jar:5.2.5.RELEASE]
	at org.springframework.aop.interceptor.ExposeInvocationInterceptor.invoke(ExposeInvocationInterceptor.java:95) ~[spring-aop-5.2.5.RELEASE.jar:5.2.5.RELEASE]
	at org.springframework.aop.framework.ReflectiveMethodInvocation.proceed(ReflectiveMethodInvocation.java:186) ~[spring-aop-5.2.5.RELEASE.jar:5.2.5.RELEASE]
	at org.springframework.aop.framework.JdkDynamicAopProxy.invoke(JdkDynamicAopProxy.java:212) ~[spring-aop-5.2.5.RELEASE.jar:5.2.5.RELEASE]
	at com.sun.proxy.$Proxy202.save(Unknown Source) ~[na:na]
	at com.leadsponge.IO.data.LoadDatabase.lambda$initTableRole$0(LoadDatabase.java:29) ~[classes/:na]
	at org.springframework.boot.SpringApplication.callRunner(SpringApplication.java:784) ~[spring-boot-2.2.6.RELEASE.jar:2.2.6.RELEASE]
	... 70 common frames omitted
Caused by: org.hibernate.exception.ConstraintViolationException: could not execute statement
	at org.hibernate.exception.internal.SQLExceptionTypeDelegate.convert(SQLExceptionTypeDelegate.java:59) ~[hibernate-core-5.4.12.Final.jar:5.4.12.Final]
	at org.hibernate.exception.internal.StandardSQLExceptionConverter.convert(StandardSQLExceptionConverter.java:42) ~[hibernate-core-5.4.12.Final.jar:5.4.12.Final]
	at org.hibernate.engine.jdbc.spi.SqlExceptionHelper.convert(SqlExceptionHelper.java:113) ~[hibernate-core-5.4.12.Final.jar:5.4.12.Final]
	at org.hibernate.engine.jdbc.spi.SqlExceptionHelper.convert(SqlExceptionHelper.java:99) ~[hibernate-core-5.4.12.Final.jar:5.4.12.Final]
	at org.hibernate.engine.jdbc.internal.ResultSetReturnImpl.executeUpdate(ResultSetReturnImpl.java:200) ~[hibernate-core-5.4.12.Final.jar:5.4.12.Final]
	at org.hibernate.persister.entity.AbstractEntityPersister.insert(AbstractEntityPersister.java:3235) ~[hibernate-core-5.4.12.Final.jar:5.4.12.Final]
	at org.hibernate.persister.entity.AbstractEntityPersister.insert(AbstractEntityPersister.java:3760) ~[hibernate-core-5.4.12.Final.jar:5.4.12.Final]
	at org.hibernate.action.internal.EntityInsertAction.execute(EntityInsertAction.java:107) ~[hibernate-core-5.4.12.Final.jar:5.4.12.Final]
	at org.hibernate.engine.spi.ActionQueue.executeActions(ActionQueue.java:604) ~[hibernate-core-5.4.12.Final.jar:5.4.12.Final]
	at org.hibernate.engine.spi.ActionQueue.lambda$executeActions$1(ActionQueue.java:478) ~[hibernate-core-5.4.12.Final.jar:5.4.12.Final]
	at java.base/java.util.LinkedHashMap.forEach(LinkedHashMap.java:684) ~[na:na]
	at org.hibernate.engine.spi.ActionQueue.executeActions(ActionQueue.java:475) ~[hibernate-core-5.4.12.Final.jar:5.4.12.Final]
	at org.hibernate.event.internal.AbstractFlushingEventListener.performExecutions(AbstractFlushingEventListener.java:348) ~[hibernate-core-5.4.12.Final.jar:5.4.12.Final]
	at org.hibernate.event.internal.DefaultFlushEventListener.onFlush(DefaultFlushEventListener.java:40) ~[hibernate-core-5.4.12.Final.jar:5.4.12.Final]
	at org.hibernate.event.service.internal.EventListenerGroupImpl.fireEventOnEachListener(EventListenerGroupImpl.java:102) ~[hibernate-core-5.4.12.Final.jar:5.4.12.Final]
	at org.hibernate.internal.SessionImpl.doFlush(SessionImpl.java:1352) ~[hibernate-core-5.4.12.Final.jar:5.4.12.Final]
	at org.hibernate.internal.SessionImpl.managedFlush(SessionImpl.java:443) ~[hibernate-core-5.4.12.Final.jar:5.4.12.Final]
	at org.hibernate.internal.SessionImpl.flushBeforeTransactionCompletion(SessionImpl.java:3202) ~[hibernate-core-5.4.12.Final.jar:5.4.12.Final]
	at org.hibernate.internal.SessionImpl.beforeTransactionCompletion(SessionImpl.java:2370) ~[hibernate-core-5.4.12.Final.jar:5.4.12.Final]
	at org.hibernate.engine.jdbc.internal.JdbcCoordinatorImpl.beforeTransactionCompletion(JdbcCoordinatorImpl.java:447) ~[hibernate-core-5.4.12.Final.jar:5.4.12.Final]
	at org.hibernate.resource.transaction.backend.jdbc.internal.JdbcResourceLocalTransactionCoordinatorImpl.beforeCompletionCallback(JdbcResourceLocalTransactionCoordinatorImpl.java:183) ~[hibernate-core-5.4.12.Final.jar:5.4.12.Final]
	at org.hibernate.resource.transaction.backend.jdbc.internal.JdbcResourceLocalTransactionCoordinatorImpl.access$300(JdbcResourceLocalTransactionCoordinatorImpl.java:40) ~[hibernate-core-5.4.12.Final.jar:5.4.12.Final]
	at org.hibernate.resource.transaction.backend.jdbc.internal.JdbcResourceLocalTransactionCoordinatorImpl$TransactionDriverControlImpl.commit(JdbcResourceLocalTransactionCoordinatorImpl.java:281) ~[hibernate-core-5.4.12.Final.jar:5.4.12.Final]
	at org.hibernate.engine.transaction.internal.TransactionImpl.commit(TransactionImpl.java:101) ~[hibernate-core-5.4.12.Final.jar:5.4.12.Final]
	at org.springframework.orm.jpa.JpaTransactionManager.doCommit(JpaTransactionManager.java:534) ~[spring-orm-5.2.5.RELEASE.jar:5.2.5.RELEASE]
	... 86 common frames omitted
Caused by: java.sql.SQLIntegrityConstraintViolationException: Duplicate entry 'CADASTRAR_USUARIO' for key 'roles.UK7xq7p7jlaaotwefc21s2ecs55'
	at com.mysql.cj.jdbc.exceptions.SQLError.createSQLException(SQLError.java:117) ~[mysql-connector-java-8.0.19.jar:8.0.19]
	at com.mysql.cj.jdbc.exceptions.SQLError.createSQLException(SQLError.java:97) ~[mysql-connector-java-8.0.19.jar:8.0.19]
	at com.mysql.cj.jdbc.exceptions.SQLExceptionsMapping.translateException(SQLExceptionsMapping.java:122) ~[mysql-connector-java-8.0.19.jar:8.0.19]
	at com.mysql.cj.jdbc.ClientPreparedStatement.executeInternal(ClientPreparedStatement.java:953) ~[mysql-connector-java-8.0.19.jar:8.0.19]
	at com.mysql.cj.jdbc.ClientPreparedStatement.executeUpdateInternal(ClientPreparedStatement.java:1092) ~[mysql-connector-java-8.0.19.jar:8.0.19]
	at com.mysql.cj.jdbc.ClientPreparedStatement.executeUpdateInternal(ClientPreparedStatement.java:1040) ~[mysql-connector-java-8.0.19.jar:8.0.19]
	at com.mysql.cj.jdbc.ClientPreparedStatement.executeLargeUpdate(ClientPreparedStatement.java:1347) ~[mysql-connector-java-8.0.19.jar:8.0.19]
	at com.mysql.cj.jdbc.ClientPreparedStatement.executeUpdate(ClientPreparedStatement.java:1025) ~[mysql-connector-java-8.0.19.jar:8.0.19]
	at org.hibernate.engine.jdbc.internal.ResultSetReturnImpl.executeUpdate(ResultSetReturnImpl.java:197) ~[hibernate-core-5.4.12.Final.jar:5.4.12.Final]
	... 106 common frames omitted

]]></system-out>
    <system-err><![CDATA[SLF4J: Class path contains multiple SLF4J bindings.
SLF4J: Found binding in [jar:file:/home/danton/.m2/repository/ch/qos/logback/logback-classic/1.2.3/logback-classic-1.2.3.jar!/org/slf4j/impl/StaticLoggerBinder.class]
SLF4J: Found binding in [jar:file:/home/danton/.m2/repository/org/slf4j/slf4j-nop/1.7.30/slf4j-nop-1.7.30.jar!/org/slf4j/impl/StaticLoggerBinder.class]
SLF4J: Found binding in [jar:file:/home/danton/.m2/repository/org/slf4j/slf4j-jdk14/1.7.30/slf4j-jdk14-1.7.30.jar!/org/slf4j/impl/StaticLoggerBinder.class]
SLF4J: See http://www.slf4j.org/codes.html#multiple_bindings for an explanation.
SLF4J: Actual binding is of type [ch.qos.logback.classic.util.ContextSelectorStaticBinder]
]]></system-err>
  </testcase>
</testsuite>